<?xml version="1.0" encoding="UTF-8" ?>
<testsuites name="vitest tests" tests="36" failures="36" errors="0" time="1.172535562">
    <testsuite name="src/components/query/__tests__/QueryPreviewErrorBoundary.test.tsx" timestamp="2025-08-17T11:22:37.732Z" hostname="ifedotovNB" tests="36" failures="36" errors="0" skipped="0" time="1.172535562">
        <testcase classname="src/components/query/__tests__/QueryPreviewErrorBoundary.test.tsx" name="QueryPreviewErrorBoundary &gt; Basic Error Boundary Functionality &gt; renders children when there is no error" time="0.016439002">
            <failure message="Cannot delete property &apos;gtag&apos; of #&lt;Object&gt;" type="TypeError">
TypeError: Cannot delete property &apos;gtag&apos; of #&lt;Object&gt;
 ❯ src/components/query/__tests__/QueryPreviewErrorBoundary.test.tsx:49:3
            </failure>
        </testcase>
        <testcase classname="src/components/query/__tests__/QueryPreviewErrorBoundary.test.tsx" name="QueryPreviewErrorBoundary &gt; Basic Error Boundary Functionality &gt; catches and displays AppError with proper fallback UI" time="0.113682083">
            <failure message="Unable to find an element with the text: Network Connection Issue. This could be because the text is broken up by multiple elements. In this case, you can provide a function for your text matcher to make your matcher more flexible.

Ignored nodes: comments, script, style
[36m&lt;body&gt;[39m
  [36m&lt;div&gt;[39m
    [36m&lt;div[39m
      [33mdata-testid[39m=[32m&quot;test-content&quot;[39m
    [36m&gt;[39m
      [0mTest content[0m
    [36m&lt;/div&gt;[39m
  [36m&lt;/div&gt;[39m
  [36m&lt;div&gt;[39m
    [36m&lt;div[39m
      [33mstyle[39m=[32m&quot;min-height: 400px; background: rgb(245, 245, 245); display: flex; align-items: center; justify-content: center; padding: 32px; border-radius: 8px;&quot;[39m
    [36m&gt;[39m
      [36m&lt;div[39m
        [33mstyle[39m=[32m&quot;max-width: 600px; width: 100%; text-align: center; background: rgba(255, 255, 255, 0.9); border-radius: 16px; padding: 32px; border: 1px solid rgb(229, 231, 235); box-shadow: 0 4px 6px rgba(0, 0, 0, 0.1);&quot;[39m
      [36m&gt;[39m
        [36m&lt;svg[39m
          [33maria-hidden[39m=[32m&quot;true&quot;[39m
          [33mclass[39m=[32m&quot;lucide lucide-circle-alert&quot;[39m
          [33mfill[39m=[32m&quot;none&quot;[39m
          [33mheight[39m=[32m&quot;48&quot;[39m
          [33mstroke[39m=[32m&quot;currentColor&quot;[39m
          [33mstroke-linecap[39m=[32m&quot;round&quot;[39m
          [33mstroke-linejoin[39m=[32m&quot;round&quot;[39m
          [33mstroke-width[39m=[32m&quot;2&quot;[39m
          [33mstyle[39m=[32m&quot;color: rgb(239, 68, 68); margin-bottom: 16px;&quot;[39m
          [33mviewBox[39m=[32m&quot;0 0 24 24&quot;[39m
          [33mwidth[39m=[32m&quot;48&quot;[39m
          [33mxmlns[39m=[32m&quot;http://www.w3.org/2000/svg&quot;[39m
        [36m&gt;[39m
          [36m&lt;circle[39m
            [33mcx[39m=[32m&quot;12&quot;[39m
            [33mcy[39m=[32m&quot;12&quot;[39m
            [33mr[39m=[32m&quot;10&quot;[39m
          [36m/&gt;[39m
          [36m&lt;line[39m
            [33mx1[39m=[32m&quot;12&quot;[39m
            [33mx2[39m=[32m&quot;12&quot;[39m
            [33my1[39m=[32m&quot;8&quot;[39m
            [33my2[39m=[32m&quot;12&quot;[39m
          [36m/&gt;[39m
          [36m&lt;line[39m
            [33mx1[39m=[32m&quot;12&quot;[39m
            [33mx2[39m=[32m&quot;12.01&quot;[39m
            [33my1[39m=[32m&quot;16&quot;[39m
            [33my2[39m=[32m&quot;16&quot;[39m
          [36m/&gt;[39m
        [36m&lt;/svg&gt;[39m
        [36m&lt;h3[39m
          [33mstyle[39m=[32m&quot;font-size: 20px; font-weight: bold; margin-bottom: 8px; color: rgb(31, 41, 55);&quot;[39m
        [36m&gt;[39m
          [0mUnexpected Error[0m
        [36m&lt;/h3&gt;[39m
        [36m&lt;p[39m
          [33mstyle[39m=[32m&quot;font-size: 14px; margin-bottom: 20px; color: rgb(107, 114, 128); line-height: 1.5;&quot;[39m
        [36m&gt;[39m
          [0mAn unexpected error occurred while executing your query. Please try again.[0m
        [36m&lt;/p&gt;[39m
        [36m&lt;details[39m
          [33mstyle[39m=[32m&quot;text-align: left; margin-bottom: 20px; background: rgba(0, 0, 0, 0.05); padding: 12px; border-radius: 6px; font-size: 12px;&quot;[39m
        [36m&gt;[39m
          [36m&lt;summary[39m
            [33mstyle[39m=[32m&quot;cursor: pointer; margin-bottom: 8px; color: rgb(107, 114, 128); font-size: 12px;&quot;[39m
          [36m&gt;[39m
            [36m&lt;svg[39m
              [33maria-hidden[39m=[32m&quot;true&quot;[39m
              [33mclass[39m=[32m&quot;lucide lucide-bug&quot;[39m
              [33mfill[39m=[32m&quot;none&quot;[39m
              [33mheight[39m=[32m&quot;14&quot;[39m
              [33mstroke[39m=[32m&quot;currentColor&quot;[39m
              [33mstroke-linecap[39m=[32m&quot;round&quot;[39m
              [33mstroke-linejoin[39m=[32m&quot;round&quot;[39m
              [33mstroke-width[39m=[32m&quot;2&quot;[39m
              [33mstyle[39m=[32m&quot;margin-right: 6px; vertical-align: middle;&quot;[39m
              [33mviewBox[39m=[32m&quot;0 0 24 24&quot;[39m
              [33mwidth[39m=[32m&quot;14&quot;[39m
              [33mxmlns[39m=[32m&quot;http://www.w3.org/2000/svg&quot;[39m
            [36m&gt;[39m
              [36m&lt;path[39m
                [33md[39m=[32m&quot;m8 2 1.88 1.88&quot;[39m
              [36m/&gt;[39m
              [36m&lt;path[39m
                [33md[39m=[32m&quot;M14.12 3.88 16 2&quot;[39m
              [36m/&gt;[39m
              [36m&lt;path[39m
                [33md[39m=[32m&quot;M9 7.13v-1a3.003 3.003 0 1 1 6 0v1&quot;[39m
              [36m/&gt;[39m
              [36m&lt;path[39m
                [33md[39m=[32m&quot;M12 20c-3.3 0-6-2.7-6-6v-3a4 4 0 0 1 4-4h4a4 4 0 0 1 4 4v3c0 3.3-2.7 6-6 6&quot;[39m
              [36m/&gt;[39m
              [36m&lt;path[39m
                [33md[39m=[32m&quot;M12 20v-9&quot;[39m
              [36m/&gt;[39m
              [36m&lt;path[39m
                [33md[39m=[32m&quot;M6.53 9C4.6 8.8 3 7.1 3 5&quot;[39m
              [36m/&gt;[39m
              [36m&lt;path[39m
                [33md[39m=[32m&quot;M6 13H2&quot;[39m
              [36m/&gt;[39m
              [36m&lt;path[39m
                [33md[39m=[32m&quot;M3 21c0-2.1 1.7-3.9 3.8-4&quot;[39m
              [36m/&gt;[39m
              [36m&lt;path[39m
                [33md[39m=[32m&quot;M20.97 5c0 2.1-1.6 3.8-3.5 4&quot;[39m
              [36m/&gt;[39m
              [36m&lt;path[39m
                [33md[39m=[32m&quot;M22 13h-4&quot;[39m
              [36m/&gt;[39m
              [36m&lt;path[39m
                [33md[39m=[32m&quot;M17.2 17c2.1.1 3.8 1.9 3.8 4&quot;[39m
              [36m/&gt;[39m
            [36m&lt;/svg&gt;[39m
            [0mError Details (Development Only)[0m
          [36m&lt;/summary&gt;[39m
          [36m&lt;div[39m
            [33mstyle[39m=[32m&quot;font-family: monospace; color: rgb(75, 85, 99); word-break: break-word;&quot;[39m
          [36m&gt;[39m
            [36m&lt;strong&gt;[39m
              [0mType:[0m
            [36m&lt;/strong&gt;[39m
            [0m [0m
            [0mUNKNOWN[0m
            [36m&lt;br /&gt;[39m
            [36m&lt;strong&gt;[39m
              [0mCode:[0m
            [36m&lt;/strong&gt;[39m
            [0m [0m
            [0mUnknown[0m
            [36m&lt;br /&gt;[39m
            [36m&lt;strong&gt;[39m
              [0mMessage:[0m
            [36m&lt;/strong&gt;[39m
            [0m [0m
            [0mTest error message[0m
            [36m&lt;br /&gt;[39m
            [36m&lt;strong&gt;[39m
              [0mStack:[0m
            [36m&lt;/strong&gt;[39m
            [36m&lt;pre[39m
              [33mstyle[39m=[32m&quot;white-space: pre-wrap; word-break: break-word; margin: 4px 0px 0px 0px; font-size: 10px;&quot;[39m
            [36m&gt;[39m
              [0mAppError: Test error message
    at ThrowErrorComponent (/home/ilya/projects/SimpleAdminReporter/frontend/src/components/query/__tests__/QueryPreviewErrorBoundary.test.tsx:59:19)
    at Object.react_stack_bottom_frame (/home/ilya/projects/SimpleAdminReporter/frontend/node_modules/react-dom/cjs/react-dom-client.development.js:23863:20)
    at renderWithHooks (/home/ilya/projects/SimpleAdminReporter/frontend/node_modules/react-dom/cjs/react-dom-client.development.js:5529:22)
    at updateFunctionComponent (/home/ilya/projects/SimpleAdminReporter/frontend/node_modules/react-dom/cjs/react-dom-client.development.js:8897:19)
    at beginWork (/home/ilya/projects/SimpleAdminReporter/frontend/node_modules/react-dom/cjs/react-dom-client.development.js:10522:18)
    at runWithFiberInDEV (/home/ilya/projects/SimpleAdminReporter/frontend/node_modules/react-dom/cjs/react-dom-client.development.js:1522:13)
    at performUnitOfWork (/home/ilya/projects/SimpleAdminReporter/frontend/node_modules/react-dom/cjs/react-dom-client.development.js:15140:22)
    at workLoopSync (/home/ilya/projects/SimpleAdminReporter/frontend/node_modules/react-dom/cjs/react-dom-client.development.js:14956:41)
    at renderRootSync (/home/ilya/projects/SimpleAdminReporter/frontend/node_modules/react-dom/cjs/react-dom-client.development.js:14936:11)
    at performWorkOnRoot (/home/ilya/projects/SimpleAdminReporter/frontend/node_modules/react-dom/cjs/react-dom-client.development.js:14462:44)[0m
            [36m&lt;/pre&gt;[39m
          [36m&lt;/div&gt;[39m
        [36m&lt;/details&gt;[39m
        [36m&lt;div[39m
          [33mclass[39m=[32m&quot;ant-space css-dev-only-do-not-override-l9pxc0 ant-space-horizontal ant-space-align-center ant-space-gap-row-middle ant-space-gap-col-middle&quot;[39m
          [33mstyle[39m=[32m&quot;margin-top: 16px;&quot;[39m
        [36m&gt;[39m
          [36m&lt;div[39m
            [33mclass[39m=[32m&quot;ant-space-item&quot;[39m
          [36m&gt;[39m
            [36m&lt;button[39m
              [33mclass[39m=[32m&quot;ant-btn css-dev-only-do-not-override-l9pxc0 ant-btn-default ant-btn-color-default ant-btn-variant-outlined ant-btn-lg&quot;[39m
              [33mtype[39m=[32m&quot;button&quot;[39m
            [36m&gt;[39m
              [36m&lt;span[39m
                [33mclass[39m=[32m&quot;ant-btn-icon&quot;[39m
              [36m&gt;[39m
                [36m&lt;svg[39m
                  [33maria-hidden[39m=[32m&quot;true&quot;[39m
                  [33mclass[39m=[32m&quot;lucide lucide-arrow-left&quot;[39m
                  [33mfill[39m=[32m&quot;none&quot;[39m
                  [33mheight[39m=[32m&quot;14&quot;[39m
                  [33mstroke[39m=[32m&quot;currentColor&quot;[39m
                  [33mstroke-linecap[39m=[32m&quot;round&quot;[39m
                  [33mstroke-linejoin[39m=[32m&quot;round&quot;[39m
                  [33mstroke-width[39m=[32m&quot;2&quot;[39m
                  [33mviewBox[39m=[32m&quot;0 0 24 24&quot;[39m
                  [33mwidth[39m=[32m&quot;14&quot;[39m
                  [33mxmlns[39m=[32m&quot;http://www.w3.org/2000/svg&quot;[39m
                [36m&gt;[39m
                  [36m&lt;path[39m
                    [33md[39m=[32m&quot;m12 19-7-7 7-7&quot;[39m
                  [36m/&gt;[39m
                  [36m&lt;path[39m
                    [33md[39m=[32m&quot;M19 12H5&quot;[39m
                  [36m/&gt;[39m
                [36m&lt;/svg&gt;[39m
              [36m&lt;/span&gt;[39m
              [36m&lt;span&gt;[39m
                [0mGo Back[0m
              [36m&lt;/span&gt;[39m
            [36m&lt;/button&gt;[39m
          [36m&lt;/div&gt;[39m
          [36m&lt;div[39m
            [33mclass[39m=[32m&quot;ant-space-item&quot;[39m
          [36m&gt;[39m
            [36m&lt;button[39m
              [33mclass[39m=[32m&quot;ant-btn css-dev-only-do-not-override-l9pxc0 ant-btn-default ant-btn-color-default ant-btn-variant-outlined ant-btn-lg&quot;[39m
              [33mtype[39m=[32m&quot;button&quot;[39m
            [36m&gt;[39m
              [36m&lt;span[39m
                [33mclass[39m=[32m&quot;ant-btn-icon&quot;[39m
              [36m&gt;[39m
                [36m&lt;svg[39m
                  [33maria-hidden[39m=[32m&quot;true&quot;[39m
                  [33mclass[39m=[32m&quot;lucide lucide-refresh-cw&quot;[39m
                  [33mfill[39m=[32m&quot;none&quot;[39m
                  [33mheight[39m=[32m&quot;14&quot;[39m
                  [33mstroke[39m=[32m&quot;currentColor&quot;[39m
                  [33mstroke-linecap[39m=[32m&quot;round&quot;[39m
                  [33mstroke-linejoin[39m=[32m&quot;round&quot;[39m
                  [33mstroke-width[39m=[32m&quot;2&quot;[39m
                  [33mviewBox[39m=[32m&quot;0 0 24 24&quot;[39m
                  [33mwidth[39m=[32m&quot;14&quot;[39m
                  [33mxmlns[39m=[32m&quot;http://www.w3.org/2000/svg&quot;[39m
                [36m&gt;[39m
                  [36m&lt;path[39m
                    [33md[39m=[32m&quot;M3 12a9 9 0 0 1 9-9 9.75 9.75 0 0 1 6.74 2.74L21 8&quot;[39m
                  [36m/&gt;[39m
                  [36m&lt;path[39m
                    [33md[39m=[32m&quot;M21 3v5h-5&quot;[39m
                  [36m/&gt;[39m
                  [36m&lt;path[39m
                    [33md[39m=[32m&quot;M21 12a9 9 0 0 1-9 9 9.75 9.75 0 0 1-6.74-2.74L3 16&quot;[39m
                  [36m/&gt;[39m
                  [36m&lt;path[39m
                    [33md[39m=[32m&quot;M8 16H3v5&quot;[39m
                  [36m/&gt;[39m
                [36m&lt;/svg&gt;[39m
              [36m&lt;/span&gt;[39m
              [36m&lt;span&gt;[39m
                [0mReload Page[0m
              [36m&lt;/span&gt;[39m
            [36m&lt;/button&gt;[39m
          [36m&lt;/div&gt;[39m
        [36m&lt;/div&gt;[39m
      [36m&lt;/div&gt;[39m
    [36m&lt;/div&gt;[39m
  [36m&lt;/div&gt;[39m
[36m&lt;/body&gt;[39m" type="TestingLibraryElementError">
TestingLibraryElementError: Unable to find an element with the text: Network Connection Issue. This could be because the text is broken up by multiple elements. In this case, you can provide a function for your text matcher to make your matcher more flexible.

Ignored nodes: comments, script, style
&lt;body&gt;
  &lt;div&gt;
    &lt;div
      data-testid=&quot;test-content&quot;
    &gt;
      Test content
    &lt;/div&gt;
  &lt;/div&gt;
  &lt;div&gt;
    &lt;div
      style=&quot;min-height: 400px; background: rgb(245, 245, 245); display: flex; align-items: center; justify-content: center; padding: 32px; border-radius: 8px;&quot;
    &gt;
      &lt;div
        style=&quot;max-width: 600px; width: 100%; text-align: center; background: rgba(255, 255, 255, 0.9); border-radius: 16px; padding: 32px; border: 1px solid rgb(229, 231, 235); box-shadow: 0 4px 6px rgba(0, 0, 0, 0.1);&quot;
      &gt;
        &lt;svg
          aria-hidden=&quot;true&quot;
          class=&quot;lucide lucide-circle-alert&quot;
          fill=&quot;none&quot;
          height=&quot;48&quot;
          stroke=&quot;currentColor&quot;
          stroke-linecap=&quot;round&quot;
          stroke-linejoin=&quot;round&quot;
          stroke-width=&quot;2&quot;
          style=&quot;color: rgb(239, 68, 68); margin-bottom: 16px;&quot;
          viewBox=&quot;0 0 24 24&quot;
          width=&quot;48&quot;
          xmlns=&quot;http://www.w3.org/2000/svg&quot;
        &gt;
          &lt;circle
            cx=&quot;12&quot;
            cy=&quot;12&quot;
            r=&quot;10&quot;
          /&gt;
          &lt;line
            x1=&quot;12&quot;
            x2=&quot;12&quot;
            y1=&quot;8&quot;
            y2=&quot;12&quot;
          /&gt;
          &lt;line
            x1=&quot;12&quot;
            x2=&quot;12.01&quot;
            y1=&quot;16&quot;
            y2=&quot;16&quot;
          /&gt;
        &lt;/svg&gt;
        &lt;h3
          style=&quot;font-size: 20px; font-weight: bold; margin-bottom: 8px; color: rgb(31, 41, 55);&quot;
        &gt;
          Unexpected Error
        &lt;/h3&gt;
        &lt;p
          style=&quot;font-size: 14px; margin-bottom: 20px; color: rgb(107, 114, 128); line-height: 1.5;&quot;
        &gt;
          An unexpected error occurred while executing your query. Please try again.
        &lt;/p&gt;
        &lt;details
          style=&quot;text-align: left; margin-bottom: 20px; background: rgba(0, 0, 0, 0.05); padding: 12px; border-radius: 6px; font-size: 12px;&quot;
        &gt;
          &lt;summary
            style=&quot;cursor: pointer; margin-bottom: 8px; color: rgb(107, 114, 128); font-size: 12px;&quot;
          &gt;
            &lt;svg
              aria-hidden=&quot;true&quot;
              class=&quot;lucide lucide-bug&quot;
              fill=&quot;none&quot;
              height=&quot;14&quot;
              stroke=&quot;currentColor&quot;
              stroke-linecap=&quot;round&quot;
              stroke-linejoin=&quot;round&quot;
              stroke-width=&quot;2&quot;
              style=&quot;margin-right: 6px; vertical-align: middle;&quot;
              viewBox=&quot;0 0 24 24&quot;
              width=&quot;14&quot;
              xmlns=&quot;http://www.w3.org/2000/svg&quot;
            &gt;
              &lt;path
                d=&quot;m8 2 1.88 1.88&quot;
              /&gt;
              &lt;path
                d=&quot;M14.12 3.88 16 2&quot;
              /&gt;
              &lt;path
                d=&quot;M9 7.13v-1a3.003 3.003 0 1 1 6 0v1&quot;
              /&gt;
              &lt;path
                d=&quot;M12 20c-3.3 0-6-2.7-6-6v-3a4 4 0 0 1 4-4h4a4 4 0 0 1 4 4v3c0 3.3-2.7 6-6 6&quot;
              /&gt;
              &lt;path
                d=&quot;M12 20v-9&quot;
              /&gt;
              &lt;path
                d=&quot;M6.53 9C4.6 8.8 3 7.1 3 5&quot;
              /&gt;
              &lt;path
                d=&quot;M6 13H2&quot;
              /&gt;
              &lt;path
                d=&quot;M3 21c0-2.1 1.7-3.9 3.8-4&quot;
              /&gt;
              &lt;path
                d=&quot;M20.97 5c0 2.1-1.6 3.8-3.5 4&quot;
              /&gt;
              &lt;path
                d=&quot;M22 13h-4&quot;
              /&gt;
              &lt;path
                d=&quot;M17.2 17c2.1.1 3.8 1.9 3.8 4&quot;
              /&gt;
            &lt;/svg&gt;
            Error Details (Development Only)
          &lt;/summary&gt;
          &lt;div
            style=&quot;font-family: monospace; color: rgb(75, 85, 99); word-break: break-word;&quot;
          &gt;
            &lt;strong&gt;
              Type:
            &lt;/strong&gt;
             
            UNKNOWN
            &lt;br /&gt;
            &lt;strong&gt;
              Code:
            &lt;/strong&gt;
             
            Unknown
            &lt;br /&gt;
            &lt;strong&gt;
              Message:
            &lt;/strong&gt;
             
            Test error message
            &lt;br /&gt;
            &lt;strong&gt;
              Stack:
            &lt;/strong&gt;
            &lt;pre
              style=&quot;white-space: pre-wrap; word-break: break-word; margin: 4px 0px 0px 0px; font-size: 10px;&quot;
            &gt;
              AppError: Test error message
    at ThrowErrorComponent (/home/ilya/projects/SimpleAdminReporter/frontend/src/components/query/__tests__/QueryPreviewErrorBoundary.test.tsx:59:19)
    at Object.react_stack_bottom_frame (/home/ilya/projects/SimpleAdminReporter/frontend/node_modules/react-dom/cjs/react-dom-client.development.js:23863:20)
    at renderWithHooks (/home/ilya/projects/SimpleAdminReporter/frontend/node_modules/react-dom/cjs/react-dom-client.development.js:5529:22)
    at updateFunctionComponent (/home/ilya/projects/SimpleAdminReporter/frontend/node_modules/react-dom/cjs/react-dom-client.development.js:8897:19)
    at beginWork (/home/ilya/projects/SimpleAdminReporter/frontend/node_modules/react-dom/cjs/react-dom-client.development.js:10522:18)
    at runWithFiberInDEV (/home/ilya/projects/SimpleAdminReporter/frontend/node_modules/react-dom/cjs/react-dom-client.development.js:1522:13)
    at performUnitOfWork (/home/ilya/projects/SimpleAdminReporter/frontend/node_modules/react-dom/cjs/react-dom-client.development.js:15140:22)
    at workLoopSync (/home/ilya/projects/SimpleAdminReporter/frontend/node_modules/react-dom/cjs/react-dom-client.development.js:14956:41)
    at renderRootSync (/home/ilya/projects/SimpleAdminReporter/frontend/node_modules/react-dom/cjs/react-dom-client.development.js:14936:11)
    at performWorkOnRoot (/home/ilya/projects/SimpleAdminReporter/frontend/node_modules/react-dom/cjs/react-dom-client.development.js:14462:44)
            &lt;/pre&gt;
          &lt;/div&gt;
        &lt;/details&gt;
        &lt;div
          class=&quot;ant-space css-dev-only-do-not-override-l9pxc0 ant-space-horizontal ant-space-align-center ant-space-gap-row-middle ant-space-gap-col-middle&quot;
          style=&quot;margin-top: 16px;&quot;
        &gt;
          &lt;div
            class=&quot;ant-space-item&quot;
          &gt;
            &lt;button
              class=&quot;ant-btn css-dev-only-do-not-override-l9pxc0 ant-btn-default ant-btn-color-default ant-btn-variant-outlined ant-btn-lg&quot;
              type=&quot;button&quot;
            &gt;
              &lt;span
                class=&quot;ant-btn-icon&quot;
              &gt;
                &lt;svg
                  aria-hidden=&quot;true&quot;
                  class=&quot;lucide lucide-arrow-left&quot;
                  fill=&quot;none&quot;
                  height=&quot;14&quot;
                  stroke=&quot;currentColor&quot;
                  stroke-linecap=&quot;round&quot;
                  stroke-linejoin=&quot;round&quot;
                  stroke-width=&quot;2&quot;
                  viewBox=&quot;0 0 24 24&quot;
                  width=&quot;14&quot;
                  xmlns=&quot;http://www.w3.org/2000/svg&quot;
                &gt;
                  &lt;path
                    d=&quot;m12 19-7-7 7-7&quot;
                  /&gt;
                  &lt;path
                    d=&quot;M19 12H5&quot;
                  /&gt;
                &lt;/svg&gt;
              &lt;/span&gt;
              &lt;span&gt;
                Go Back
              &lt;/span&gt;
            &lt;/button&gt;
          &lt;/div&gt;
          &lt;div
            class=&quot;ant-space-item&quot;
          &gt;
            &lt;button
              class=&quot;ant-btn css-dev-only-do-not-override-l9pxc0 ant-btn-default ant-btn-color-default ant-btn-variant-outlined ant-btn-lg&quot;
              type=&quot;button&quot;
            &gt;
              &lt;span
                class=&quot;ant-btn-icon&quot;
              &gt;
                &lt;svg
                  aria-hidden=&quot;true&quot;
                  class=&quot;lucide lucide-refresh-cw&quot;
                  fill=&quot;none&quot;
                  height=&quot;14&quot;
                  stroke=&quot;currentColor&quot;
                  stroke-linecap=&quot;round&quot;
                  stroke-linejoin=&quot;round&quot;
                  stroke-width=&quot;2&quot;
                  viewBox=&quot;0 0 24 24&quot;
                  width=&quot;14&quot;
                  xmlns=&quot;http://www.w3.org/2000/svg&quot;
                &gt;
                  &lt;path
                    d=&quot;M3 12a9 9 0 0 1 9-9 9.75 9.75 0 0 1 6.74 2.74L21 8&quot;
                  /&gt;
                  &lt;path
                    d=&quot;M21 3v5h-5&quot;
                  /&gt;
                  &lt;path
                    d=&quot;M21 12a9 9 0 0 1-9 9 9.75 9.75 0 0 1-6.74-2.74L3 16&quot;
                  /&gt;
                  &lt;path
                    d=&quot;M8 16H3v5&quot;
                  /&gt;
                &lt;/svg&gt;
              &lt;/span&gt;
              &lt;span&gt;
                Reload Page
              &lt;/span&gt;
            &lt;/button&gt;
          &lt;/div&gt;
        &lt;/div&gt;
      &lt;/div&gt;
    &lt;/div&gt;
  &lt;/div&gt;
&lt;/body&gt;
 ❯ ThrowErrorComponent src/components/query/__tests__/QueryPreviewErrorBoundary.test.tsx:59:19
 ❯ Object.react_stack_bottom_frame node_modules/react-dom/cjs/react-dom-client.development.js:23863:20
 ❯ renderWithHooks node_modules/react-dom/cjs/react-dom-client.development.js:5529:22
 ❯ updateFunctionComponent node_modules/react-dom/cjs/react-dom-client.development.js:8897:19
 ❯ beginWork node_modules/react-dom/cjs/react-dom-client.development.js:10522:18
 ❯ runWithFiberInDEV node_modules/react-dom/cjs/react-dom-client.development.js:1522:13
 ❯ performUnitOfWork node_modules/react-dom/cjs/react-dom-client.development.js:15140:22
 ❯ workLoopSync node_modules/react-dom/cjs/react-dom-client.development.js:14956:41
 ❯ renderRootSync node_modules/react-dom/cjs/react-dom-client.development.js:14936:11
 ❯ Object.getElementError node_modules/@testing-library/dom/dist/config.js:37:19
 ❯ node_modules/@testing-library/dom/dist/query-helpers.js:76:38
 ❯ node_modules/@testing-library/dom/dist/query-helpers.js:52:17
 ❯ node_modules/@testing-library/dom/dist/query-helpers.js:95:19
 ❯ src/components/query/__tests__/QueryPreviewErrorBoundary.test.tsx:97:21
            </failure>
            <failure message="Cannot delete property &apos;gtag&apos; of #&lt;Object&gt;" type="TypeError">
TypeError: Cannot delete property &apos;gtag&apos; of #&lt;Object&gt;
 ❯ src/components/query/__tests__/QueryPreviewErrorBoundary.test.tsx:49:3
            </failure>
        </testcase>
        <testcase classname="src/components/query/__tests__/QueryPreviewErrorBoundary.test.tsx" name="QueryPreviewErrorBoundary &gt; Basic Error Boundary Functionality &gt; catches and displays standard JavaScript errors" time="0.021644287">
            <failure message="Found multiple elements with the text: Unexpected Error

Here are the matching elements:

Ignored nodes: comments, script, style
[36m&lt;h3[39m
  [33mstyle[39m=[32m&quot;font-size: 20px; font-weight: bold; margin-bottom: 8px; color: rgb(31, 41, 55);&quot;[39m
[36m&gt;[39m
  [0mUnexpected Error[0m
[36m&lt;/h3&gt;[39m

Ignored nodes: comments, script, style
[36m&lt;h3[39m
  [33mstyle[39m=[32m&quot;font-size: 20px; font-weight: bold; margin-bottom: 8px; color: rgb(31, 41, 55);&quot;[39m
[36m&gt;[39m
  [0mUnexpected Error[0m
[36m&lt;/h3&gt;[39m

(If this is intentional, then use the `*AllBy*` variant of the query (like `queryAllByText`, `getAllByText`, or `findAllByText`)).

Ignored nodes: comments, script, style
[36m&lt;body&gt;[39m
  [36m&lt;div&gt;[39m
    [36m&lt;div[39m
      [33mdata-testid[39m=[32m&quot;test-content&quot;[39m
    [36m&gt;[39m
      [0mTest content[0m
    [36m&lt;/div&gt;[39m
  [36m&lt;/div&gt;[39m
  [36m&lt;div&gt;[39m
    [36m&lt;div[39m
      [33mstyle[39m=[32m&quot;min-height: 400px; background: rgb(245, 245, 245); display: flex; align-items: center; justify-content: center; padding: 32px; border-radius: 8px;&quot;[39m
    [36m&gt;[39m
      [36m&lt;div[39m
        [33mstyle[39m=[32m&quot;max-width: 600px; width: 100%; text-align: center; background: rgba(255, 255, 255, 0.9); border-radius: 16px; padding: 32px; border: 1px solid rgb(229, 231, 235); box-shadow: 0 4px 6px rgba(0, 0, 0, 0.1);&quot;[39m
      [36m&gt;[39m
        [36m&lt;svg[39m
          [33maria-hidden[39m=[32m&quot;true&quot;[39m
          [33mclass[39m=[32m&quot;lucide lucide-circle-alert&quot;[39m
          [33mfill[39m=[32m&quot;none&quot;[39m
          [33mheight[39m=[32m&quot;48&quot;[39m
          [33mstroke[39m=[32m&quot;currentColor&quot;[39m
          [33mstroke-linecap[39m=[32m&quot;round&quot;[39m
          [33mstroke-linejoin[39m=[32m&quot;round&quot;[39m
          [33mstroke-width[39m=[32m&quot;2&quot;[39m
          [33mstyle[39m=[32m&quot;color: rgb(239, 68, 68); margin-bottom: 16px;&quot;[39m
          [33mviewBox[39m=[32m&quot;0 0 24 24&quot;[39m
          [33mwidth[39m=[32m&quot;48&quot;[39m
          [33mxmlns[39m=[32m&quot;http://www.w3.org/2000/svg&quot;[39m
        [36m&gt;[39m
          [36m&lt;circle[39m
            [33mcx[39m=[32m&quot;12&quot;[39m
            [33mcy[39m=[32m&quot;12&quot;[39m
            [33mr[39m=[32m&quot;10&quot;[39m
          [36m/&gt;[39m
          [36m&lt;line[39m
            [33mx1[39m=[32m&quot;12&quot;[39m
            [33mx2[39m=[32m&quot;12&quot;[39m
            [33my1[39m=[32m&quot;8&quot;[39m
            [33my2[39m=[32m&quot;12&quot;[39m
          [36m/&gt;[39m
          [36m&lt;line[39m
            [33mx1[39m=[32m&quot;12&quot;[39m
            [33mx2[39m=[32m&quot;12.01&quot;[39m
            [33my1[39m=[32m&quot;16&quot;[39m
            [33my2[39m=[32m&quot;16&quot;[39m
          [36m/&gt;[39m
        [36m&lt;/svg&gt;[39m
        [36m&lt;h3[39m
          [33mstyle[39m=[32m&quot;font-size: 20px; font-weight: bold; margin-bottom: 8px; color: rgb(31, 41, 55);&quot;[39m
        [36m&gt;[39m
          [0mUnexpected Error[0m
        [36m&lt;/h3&gt;[39m
        [36m&lt;p[39m
          [33mstyle[39m=[32m&quot;font-size: 14px; margin-bottom: 20px; color: rgb(107, 114, 128); line-height: 1.5;&quot;[39m
        [36m&gt;[39m
          [0mAn unexpected error occurred while executing your query. Please try again.[0m
        [36m&lt;/p&gt;[39m
        [36m&lt;details[39m
          [33mstyle[39m=[32m&quot;text-align: left; margin-bottom: 20px; background: rgba(0, 0, 0, 0.05); padding: 12px; border-radius: 6px; font-size: 12px;&quot;[39m
        [36m&gt;[39m
          [36m&lt;summary[39m
            [33mstyle[39m=[32m&quot;cursor: pointer; margin-bottom: 8px; color: rgb(107, 114, 128); font-size: 12px;&quot;[39m
          [36m&gt;[39m
            [36m&lt;svg[39m
              [33maria-hidden[39m=[32m&quot;true&quot;[39m
              [33mclass[39m=[32m&quot;lucide lucide-bug&quot;[39m
              [33mfill[39m=[32m&quot;none&quot;[39m
              [33mheight[39m=[32m&quot;14&quot;[39m
              [33mstroke[39m=[32m&quot;currentColor&quot;[39m
              [33mstroke-linecap[39m=[32m&quot;round&quot;[39m
              [33mstroke-linejoin[39m=[32m&quot;round&quot;[39m
              [33mstroke-width[39m=[32m&quot;2&quot;[39m
              [33mstyle[39m=[32m&quot;margin-right: 6px; vertical-align: middle;&quot;[39m
              [33mviewBox[39m=[32m&quot;0 0 24 24&quot;[39m
              [33mwidth[39m=[32m&quot;14&quot;[39m
              [33mxmlns[39m=[32m&quot;http://www.w3.org/2000/svg&quot;[39m
            [36m&gt;[39m
              [36m&lt;path[39m
                [33md[39m=[32m&quot;m8 2 1.88 1.88&quot;[39m
              [36m/&gt;[39m
              [36m&lt;path[39m
                [33md[39m=[32m&quot;M14.12 3.88 16 2&quot;[39m
              [36m/&gt;[39m
              [36m&lt;path[39m
                [33md[39m=[32m&quot;M9 7.13v-1a3.003 3.003 0 1 1 6 0v1&quot;[39m
              [36m/&gt;[39m
              [36m&lt;path[39m
                [33md[39m=[32m&quot;M12 20c-3.3 0-6-2.7-6-6v-3a4 4 0 0 1 4-4h4a4 4 0 0 1 4 4v3c0 3.3-2.7 6-6 6&quot;[39m
              [36m/&gt;[39m
              [36m&lt;path[39m
                [33md[39m=[32m&quot;M12 20v-9&quot;[39m
              [36m/&gt;[39m
              [36m&lt;path[39m
                [33md[39m=[32m&quot;M6.53 9C4.6 8.8 3 7.1 3 5&quot;[39m
              [36m/&gt;[39m
              [36m&lt;path[39m
                [33md[39m=[32m&quot;M6 13H2&quot;[39m
              [36m/&gt;[39m
              [36m&lt;path[39m
                [33md[39m=[32m&quot;M3 21c0-2.1 1.7-3.9 3.8-4&quot;[39m
              [36m/&gt;[39m
              [36m&lt;path[39m
                [33md[39m=[32m&quot;M20.97 5c0 2.1-1.6 3.8-3.5 4&quot;[39m
              [36m/&gt;[39m
              [36m&lt;path[39m
                [33md[39m=[32m&quot;M22 13h-4&quot;[39m
              [36m/&gt;[39m
              [36m&lt;path[39m
                [33md[39m=[32m&quot;M17.2 17c2.1.1 3.8 1.9 3.8 4&quot;[39m
              [36m/&gt;[39m
            [36m&lt;/svg&gt;[39m
            [0mError Details (Development Only)[0m
          [36m&lt;/summary&gt;[39m
          [36m&lt;div[39m
            [33mstyle[39m=[32m&quot;font-family: monospace; color: rgb(75, 85, 99); word-break: break-word;&quot;[39m
          [36m&gt;[39m
            [36m&lt;strong&gt;[39m
              [0mType:[0m
            [36m&lt;/strong&gt;[39m
            [0m [0m
            [0mUNKNOWN[0m
            [36m&lt;br /&gt;[39m
            [36m&lt;strong&gt;[39m
              [0mCode:[0m
            [36m&lt;/strong&gt;[39m
            [0m [0m
            [0mUnknown[0m
            [36m&lt;br /&gt;[39m
            [36m&lt;strong&gt;[39m
              [0mMessage:[0m
            [36m&lt;/strong&gt;[39m
            [0m [0m
            [0mTest error message[0m
            [36m&lt;br /&gt;[39m
            [36m&lt;strong&gt;[39m
              [0mStack:[0m
            [36m&lt;/strong&gt;[39m
            [36m&lt;pre[39m
              [33mstyle[39m=[32m&quot;white-space: pre-wrap; word-break: break-word; margin: 4px 0px 0px 0px; font-size: 10px;&quot;[39m
            [36m&gt;[39m
              [0mAppError: Test error message
    at ThrowErrorComponent (/home/ilya/projects/SimpleAdminReporter/frontend/src/components/query/__tests__/QueryPreviewErrorBoundary.test.tsx:59:19)
    at Object.react_stack_bottom_frame (/home/ilya/projects/SimpleAdminReporter/frontend/node_modules/react-dom/cjs/react-dom-client.development.js:23863:20)
    at renderWithHooks (/home/ilya/projects/SimpleAdminReporter/frontend/node_modules/react-dom/cjs/react-dom-client.development.js:5529:22)
    at updateFunctionComponent (/home/ilya/projects/SimpleAdminReporter/frontend/node_modules/react-dom/cjs/react-dom-client.development.js:8897:19)
    at beginWork (/home/ilya/projects/SimpleAdminReporter/frontend/node_modules/react-dom/cjs/react-dom-client.development.js:10522:18)
    at runWithFiberInDEV (/home/ilya/projects/SimpleAdminReporter/frontend/node_modules/react-dom/cjs/react-dom-client.development.js:1522:13)
    at performUnitOfWork (/home/ilya/project..." type="TestingLibraryElementError">
TestingLibraryElementError: Found multiple elements with the text: Unexpected Error

Here are the matching elements:

Ignored nodes: comments, script, style
&lt;h3
  style=&quot;font-size: 20px; font-weight: bold; margin-bottom: 8px; color: rgb(31, 41, 55);&quot;
&gt;
  Unexpected Error
&lt;/h3&gt;

Ignored nodes: comments, script, style
&lt;h3
  style=&quot;font-size: 20px; font-weight: bold; margin-bottom: 8px; color: rgb(31, 41, 55);&quot;
&gt;
  Unexpected Error
&lt;/h3&gt;

(If this is intentional, then use the `*AllBy*` variant of the query (like `queryAllByText`, `getAllByText`, or `findAllByText`)).

Ignored nodes: comments, script, style
&lt;body&gt;
  &lt;div&gt;
    &lt;div
      data-testid=&quot;test-content&quot;
    &gt;
      Test content
    &lt;/div&gt;
  &lt;/div&gt;
  &lt;div&gt;
    &lt;div
      style=&quot;min-height: 400px; background: rgb(245, 245, 245); display: flex; align-items: center; justify-content: center; padding: 32px; border-radius: 8px;&quot;
    &gt;
      &lt;div
        style=&quot;max-width: 600px; width: 100%; text-align: center; background: rgba(255, 255, 255, 0.9); border-radius: 16px; padding: 32px; border: 1px solid rgb(229, 231, 235); box-shadow: 0 4px 6px rgba(0, 0, 0, 0.1);&quot;
      &gt;
        &lt;svg
          aria-hidden=&quot;true&quot;
          class=&quot;lucide lucide-circle-alert&quot;
          fill=&quot;none&quot;
          height=&quot;48&quot;
          stroke=&quot;currentColor&quot;
          stroke-linecap=&quot;round&quot;
          stroke-linejoin=&quot;round&quot;
          stroke-width=&quot;2&quot;
          style=&quot;color: rgb(239, 68, 68); margin-bottom: 16px;&quot;
          viewBox=&quot;0 0 24 24&quot;
          width=&quot;48&quot;
          xmlns=&quot;http://www.w3.org/2000/svg&quot;
        &gt;
          &lt;circle
            cx=&quot;12&quot;
            cy=&quot;12&quot;
            r=&quot;10&quot;
          /&gt;
          &lt;line
            x1=&quot;12&quot;
            x2=&quot;12&quot;
            y1=&quot;8&quot;
            y2=&quot;12&quot;
          /&gt;
          &lt;line
            x1=&quot;12&quot;
            x2=&quot;12.01&quot;
            y1=&quot;16&quot;
            y2=&quot;16&quot;
          /&gt;
        &lt;/svg&gt;
        &lt;h3
          style=&quot;font-size: 20px; font-weight: bold; margin-bottom: 8px; color: rgb(31, 41, 55);&quot;
        &gt;
          Unexpected Error
        &lt;/h3&gt;
        &lt;p
          style=&quot;font-size: 14px; margin-bottom: 20px; color: rgb(107, 114, 128); line-height: 1.5;&quot;
        &gt;
          An unexpected error occurred while executing your query. Please try again.
        &lt;/p&gt;
        &lt;details
          style=&quot;text-align: left; margin-bottom: 20px; background: rgba(0, 0, 0, 0.05); padding: 12px; border-radius: 6px; font-size: 12px;&quot;
        &gt;
          &lt;summary
            style=&quot;cursor: pointer; margin-bottom: 8px; color: rgb(107, 114, 128); font-size: 12px;&quot;
          &gt;
            &lt;svg
              aria-hidden=&quot;true&quot;
              class=&quot;lucide lucide-bug&quot;
              fill=&quot;none&quot;
              height=&quot;14&quot;
              stroke=&quot;currentColor&quot;
              stroke-linecap=&quot;round&quot;
              stroke-linejoin=&quot;round&quot;
              stroke-width=&quot;2&quot;
              style=&quot;margin-right: 6px; vertical-align: middle;&quot;
              viewBox=&quot;0 0 24 24&quot;
              width=&quot;14&quot;
              xmlns=&quot;http://www.w3.org/2000/svg&quot;
            &gt;
              &lt;path
                d=&quot;m8 2 1.88 1.88&quot;
              /&gt;
              &lt;path
                d=&quot;M14.12 3.88 16 2&quot;
              /&gt;
              &lt;path
                d=&quot;M9 7.13v-1a3.003 3.003 0 1 1 6 0v1&quot;
              /&gt;
              &lt;path
                d=&quot;M12 20c-3.3 0-6-2.7-6-6v-3a4 4 0 0 1 4-4h4a4 4 0 0 1 4 4v3c0 3.3-2.7 6-6 6&quot;
              /&gt;
              &lt;path
                d=&quot;M12 20v-9&quot;
              /&gt;
              &lt;path
                d=&quot;M6.53 9C4.6 8.8 3 7.1 3 5&quot;
              /&gt;
              &lt;path
                d=&quot;M6 13H2&quot;
              /&gt;
              &lt;path
                d=&quot;M3 21c0-2.1 1.7-3.9 3.8-4&quot;
              /&gt;
              &lt;path
                d=&quot;M20.97 5c0 2.1-1.6 3.8-3.5 4&quot;
              /&gt;
              &lt;path
                d=&quot;M22 13h-4&quot;
              /&gt;
              &lt;path
                d=&quot;M17.2 17c2.1.1 3.8 1.9 3.8 4&quot;
              /&gt;
            &lt;/svg&gt;
            Error Details (Development Only)
          &lt;/summary&gt;
          &lt;div
            style=&quot;font-family: monospace; color: rgb(75, 85, 99); word-break: break-word;&quot;
          &gt;
            &lt;strong&gt;
              Type:
            &lt;/strong&gt;
             
            UNKNOWN
            &lt;br /&gt;
            &lt;strong&gt;
              Code:
            &lt;/strong&gt;
             
            Unknown
            &lt;br /&gt;
            &lt;strong&gt;
              Message:
            &lt;/strong&gt;
             
            Test error message
            &lt;br /&gt;
            &lt;strong&gt;
              Stack:
            &lt;/strong&gt;
            &lt;pre
              style=&quot;white-space: pre-wrap; word-break: break-word; margin: 4px 0px 0px 0px; font-size: 10px;&quot;
            &gt;
              AppError: Test error message
    at ThrowErrorComponent (/home/ilya/projects/SimpleAdminReporter/frontend/src/components/query/__tests__/QueryPreviewErrorBoundary.test.tsx:59:19)
    at Object.react_stack_bottom_frame (/home/ilya/projects/SimpleAdminReporter/frontend/node_modules/react-dom/cjs/react-dom-client.development.js:23863:20)
    at renderWithHooks (/home/ilya/projects/SimpleAdminReporter/frontend/node_modules/react-dom/cjs/react-dom-client.development.js:5529:22)
    at updateFunctionComponent (/home/ilya/projects/SimpleAdminReporter/frontend/node_modules/react-dom/cjs/react-dom-client.development.js:8897:19)
    at beginWork (/home/ilya/projects/SimpleAdminReporter/frontend/node_modules/react-dom/cjs/react-dom-client.development.js:10522:18)
    at runWithFiberInDEV (/home/ilya/projects/SimpleAdminReporter/frontend/node_modules/react-dom/cjs/react-dom-client.development.js:1522:13)
    at performUnitOfWork (/home/ilya/project...
 ❯ ThrowErrorComponent src/components/query/__tests__/QueryPreviewErrorBoundary.test.tsx:59:19
 ❯ Object.react_stack_bottom_frame node_modules/react-dom/cjs/react-dom-client.development.js:23863:20
 ❯ renderWithHooks node_modules/react-dom/cjs/react-dom-client.development.js:5529:22
 ❯ updateFunctionComponent node_modules/react-dom/cjs/react-dom-client.development.js:8897:19
 ❯ beginWork node_modules/react-dom/cjs/react-dom-client.development.js:10522:18
 ❯ runWithFiberInDEV node_modules/react-dom/cjs/react-dom-client.development.js:1522:13
 ❯ Object.getElementError node_modules/@testing-library/dom/dist/config.js:37:19
 ❯ getElementError node_modules/@testing-library/dom/dist/query-helpers.js:20:35
 ❯ getMultipleElementsFoundError node_modules/@testing-library/dom/dist/query-helpers.js:23:10
 ❯ node_modules/@testing-library/dom/dist/query-helpers.js:55:13
 ❯ node_modules/@testing-library/dom/dist/query-helpers.js:95:19
 ❯ src/components/query/__tests__/QueryPreviewErrorBoundary.test.tsx:108:21
            </failure>
            <failure message="Cannot delete property &apos;gtag&apos; of #&lt;Object&gt;" type="TypeError">
TypeError: Cannot delete property &apos;gtag&apos; of #&lt;Object&gt;
 ❯ src/components/query/__tests__/QueryPreviewErrorBoundary.test.tsx:49:3
            </failure>
        </testcase>
        <testcase classname="src/components/query/__tests__/QueryPreviewErrorBoundary.test.tsx" name="QueryPreviewErrorBoundary &gt; Basic Error Boundary Functionality &gt; calls onError callback when provided" time="0.021422187">
            <failure message="Cannot delete property &apos;gtag&apos; of #&lt;Object&gt;" type="TypeError">
TypeError: Cannot delete property &apos;gtag&apos; of #&lt;Object&gt;
 ❯ src/components/query/__tests__/QueryPreviewErrorBoundary.test.tsx:49:3
            </failure>
        </testcase>
        <testcase classname="src/components/query/__tests__/QueryPreviewErrorBoundary.test.tsx" name="QueryPreviewErrorBoundary &gt; Error Persistence and Analytics &gt; stores error count in localStorage" time="0.017464623">
            <failure message="Cannot delete property &apos;gtag&apos; of #&lt;Object&gt;" type="TypeError">
TypeError: Cannot delete property &apos;gtag&apos; of #&lt;Object&gt;
 ❯ src/components/query/__tests__/QueryPreviewErrorBoundary.test.tsx:49:3
            </failure>
        </testcase>
        <testcase classname="src/components/query/__tests__/QueryPreviewErrorBoundary.test.tsx" name="QueryPreviewErrorBoundary &gt; Error Persistence and Analytics &gt; increments error count on subsequent errors" time="0.031288483">
            <failure message="Cannot delete property &apos;gtag&apos; of #&lt;Object&gt;" type="TypeError">
TypeError: Cannot delete property &apos;gtag&apos; of #&lt;Object&gt;
 ❯ src/components/query/__tests__/QueryPreviewErrorBoundary.test.tsx:49:3
            </failure>
        </testcase>
        <testcase classname="src/components/query/__tests__/QueryPreviewErrorBoundary.test.tsx" name="QueryPreviewErrorBoundary &gt; Error Persistence and Analytics &gt; tracks errors in Google Analytics when gtag is available" time="0.020792042">
            <failure message="Cannot delete property &apos;gtag&apos; of #&lt;Object&gt;" type="TypeError">
TypeError: Cannot delete property &apos;gtag&apos; of #&lt;Object&gt;
 ❯ src/components/query/__tests__/QueryPreviewErrorBoundary.test.tsx:49:3
            </failure>
        </testcase>
        <testcase classname="src/components/query/__tests__/QueryPreviewErrorBoundary.test.tsx" name="QueryPreviewErrorBoundary &gt; Error Persistence and Analytics &gt; clears error persistence on successful reset" time="0.022618029">
            <failure message="expected &quot;spy&quot; to be called with arguments: [ &apos;queryPreviewErrorCount&apos; ][90m

Number of calls: [1m0[22m
[39m" type="AssertionError">
AssertionError: expected &quot;spy&quot; to be called with arguments: [ &apos;queryPreviewErrorCount&apos; ]

Number of calls: 0

 ❯ src/components/query/__tests__/QueryPreviewErrorBoundary.test.tsx:192:39
            </failure>
            <failure message="Cannot delete property &apos;gtag&apos; of #&lt;Object&gt;" type="TypeError">
TypeError: Cannot delete property &apos;gtag&apos; of #&lt;Object&gt;
 ❯ src/components/query/__tests__/QueryPreviewErrorBoundary.test.tsx:49:3
            </failure>
        </testcase>
        <testcase classname="src/components/query/__tests__/QueryPreviewErrorBoundary.test.tsx" name="QueryPreviewErrorBoundary &gt; Error Type-Specific Handling &gt; handles NETWORK error type correctly" time="0.041821881">
            <failure message="Unable to find an element with the text: Network Connection Issue. This could be because the text is broken up by multiple elements. In this case, you can provide a function for your text matcher to make your matcher more flexible.

Ignored nodes: comments, script, style
[36m&lt;body&gt;[39m
  [36m&lt;div&gt;[39m
    [36m&lt;div[39m
      [33mdata-testid[39m=[32m&quot;test-content&quot;[39m
    [36m&gt;[39m
      [0mTest content[0m
    [36m&lt;/div&gt;[39m
  [36m&lt;/div&gt;[39m
  [36m&lt;div&gt;[39m
    [36m&lt;div[39m
      [33mstyle[39m=[32m&quot;min-height: 400px; background: rgb(245, 245, 245); display: flex; align-items: center; justify-content: center; padding: 32px; border-radius: 8px;&quot;[39m
    [36m&gt;[39m
      [36m&lt;div[39m
        [33mstyle[39m=[32m&quot;max-width: 600px; width: 100%; text-align: center; background: rgba(255, 255, 255, 0.9); border-radius: 16px; padding: 32px; border: 1px solid rgb(229, 231, 235); box-shadow: 0 4px 6px rgba(0, 0, 0, 0.1);&quot;[39m
      [36m&gt;[39m
        [36m&lt;svg[39m
          [33maria-hidden[39m=[32m&quot;true&quot;[39m
          [33mclass[39m=[32m&quot;lucide lucide-circle-alert&quot;[39m
          [33mfill[39m=[32m&quot;none&quot;[39m
          [33mheight[39m=[32m&quot;48&quot;[39m
          [33mstroke[39m=[32m&quot;currentColor&quot;[39m
          [33mstroke-linecap[39m=[32m&quot;round&quot;[39m
          [33mstroke-linejoin[39m=[32m&quot;round&quot;[39m
          [33mstroke-width[39m=[32m&quot;2&quot;[39m
          [33mstyle[39m=[32m&quot;color: rgb(239, 68, 68); margin-bottom: 16px;&quot;[39m
          [33mviewBox[39m=[32m&quot;0 0 24 24&quot;[39m
          [33mwidth[39m=[32m&quot;48&quot;[39m
          [33mxmlns[39m=[32m&quot;http://www.w3.org/2000/svg&quot;[39m
        [36m&gt;[39m
          [36m&lt;circle[39m
            [33mcx[39m=[32m&quot;12&quot;[39m
            [33mcy[39m=[32m&quot;12&quot;[39m
            [33mr[39m=[32m&quot;10&quot;[39m
          [36m/&gt;[39m
          [36m&lt;line[39m
            [33mx1[39m=[32m&quot;12&quot;[39m
            [33mx2[39m=[32m&quot;12&quot;[39m
            [33my1[39m=[32m&quot;8&quot;[39m
            [33my2[39m=[32m&quot;12&quot;[39m
          [36m/&gt;[39m
          [36m&lt;line[39m
            [33mx1[39m=[32m&quot;12&quot;[39m
            [33mx2[39m=[32m&quot;12.01&quot;[39m
            [33my1[39m=[32m&quot;16&quot;[39m
            [33my2[39m=[32m&quot;16&quot;[39m
          [36m/&gt;[39m
        [36m&lt;/svg&gt;[39m
        [36m&lt;h3[39m
          [33mstyle[39m=[32m&quot;font-size: 20px; font-weight: bold; margin-bottom: 8px; color: rgb(31, 41, 55);&quot;[39m
        [36m&gt;[39m
          [0mUnexpected Error[0m
        [36m&lt;/h3&gt;[39m
        [36m&lt;p[39m
          [33mstyle[39m=[32m&quot;font-size: 14px; margin-bottom: 20px; color: rgb(107, 114, 128); line-height: 1.5;&quot;[39m
        [36m&gt;[39m
          [0mAn unexpected error occurred while executing your query. Please try again.[0m
        [36m&lt;/p&gt;[39m
        [36m&lt;details[39m
          [33mstyle[39m=[32m&quot;text-align: left; margin-bottom: 20px; background: rgba(0, 0, 0, 0.05); padding: 12px; border-radius: 6px; font-size: 12px;&quot;[39m
        [36m&gt;[39m
          [36m&lt;summary[39m
            [33mstyle[39m=[32m&quot;cursor: pointer; margin-bottom: 8px; color: rgb(107, 114, 128); font-size: 12px;&quot;[39m
          [36m&gt;[39m
            [36m&lt;svg[39m
              [33maria-hidden[39m=[32m&quot;true&quot;[39m
              [33mclass[39m=[32m&quot;lucide lucide-bug&quot;[39m
              [33mfill[39m=[32m&quot;none&quot;[39m
              [33mheight[39m=[32m&quot;14&quot;[39m
              [33mstroke[39m=[32m&quot;currentColor&quot;[39m
              [33mstroke-linecap[39m=[32m&quot;round&quot;[39m
              [33mstroke-linejoin[39m=[32m&quot;round&quot;[39m
              [33mstroke-width[39m=[32m&quot;2&quot;[39m
              [33mstyle[39m=[32m&quot;margin-right: 6px; vertical-align: middle;&quot;[39m
              [33mviewBox[39m=[32m&quot;0 0 24 24&quot;[39m
              [33mwidth[39m=[32m&quot;14&quot;[39m
              [33mxmlns[39m=[32m&quot;http://www.w3.org/2000/svg&quot;[39m
            [36m&gt;[39m
              [36m&lt;path[39m
                [33md[39m=[32m&quot;m8 2 1.88 1.88&quot;[39m
              [36m/&gt;[39m
              [36m&lt;path[39m
                [33md[39m=[32m&quot;M14.12 3.88 16 2&quot;[39m
              [36m/&gt;[39m
              [36m&lt;path[39m
                [33md[39m=[32m&quot;M9 7.13v-1a3.003 3.003 0 1 1 6 0v1&quot;[39m
              [36m/&gt;[39m
              [36m&lt;path[39m
                [33md[39m=[32m&quot;M12 20c-3.3 0-6-2.7-6-6v-3a4 4 0 0 1 4-4h4a4 4 0 0 1 4 4v3c0 3.3-2.7 6-6 6&quot;[39m
              [36m/&gt;[39m
              [36m&lt;path[39m
                [33md[39m=[32m&quot;M12 20v-9&quot;[39m
              [36m/&gt;[39m
              [36m&lt;path[39m
                [33md[39m=[32m&quot;M6.53 9C4.6 8.8 3 7.1 3 5&quot;[39m
              [36m/&gt;[39m
              [36m&lt;path[39m
                [33md[39m=[32m&quot;M6 13H2&quot;[39m
              [36m/&gt;[39m
              [36m&lt;path[39m
                [33md[39m=[32m&quot;M3 21c0-2.1 1.7-3.9 3.8-4&quot;[39m
              [36m/&gt;[39m
              [36m&lt;path[39m
                [33md[39m=[32m&quot;M20.97 5c0 2.1-1.6 3.8-3.5 4&quot;[39m
              [36m/&gt;[39m
              [36m&lt;path[39m
                [33md[39m=[32m&quot;M22 13h-4&quot;[39m
              [36m/&gt;[39m
              [36m&lt;path[39m
                [33md[39m=[32m&quot;M17.2 17c2.1.1 3.8 1.9 3.8 4&quot;[39m
              [36m/&gt;[39m
            [36m&lt;/svg&gt;[39m
            [0mError Details (Development Only)[0m
          [36m&lt;/summary&gt;[39m
          [36m&lt;div[39m
            [33mstyle[39m=[32m&quot;font-family: monospace; color: rgb(75, 85, 99); word-break: break-word;&quot;[39m
          [36m&gt;[39m
            [36m&lt;strong&gt;[39m
              [0mType:[0m
            [36m&lt;/strong&gt;[39m
            [0m [0m
            [0mUNKNOWN[0m
            [36m&lt;br /&gt;[39m
            [36m&lt;strong&gt;[39m
              [0mCode:[0m
            [36m&lt;/strong&gt;[39m
            [0m [0m
            [0mUnknown[0m
            [36m&lt;br /&gt;[39m
            [36m&lt;strong&gt;[39m
              [0mMessage:[0m
            [36m&lt;/strong&gt;[39m
            [0m [0m
            [0mTest error message[0m
            [36m&lt;br /&gt;[39m
            [36m&lt;strong&gt;[39m
              [0mStack:[0m
            [36m&lt;/strong&gt;[39m
            [36m&lt;pre[39m
              [33mstyle[39m=[32m&quot;white-space: pre-wrap; word-break: break-word; margin: 4px 0px 0px 0px; font-size: 10px;&quot;[39m
            [36m&gt;[39m
              [0mAppError: Test error message
    at ThrowErrorComponent (/home/ilya/projects/SimpleAdminReporter/frontend/src/components/query/__tests__/QueryPreviewErrorBoundary.test.tsx:59:19)
    at Object.react_stack_bottom_frame (/home/ilya/projects/SimpleAdminReporter/frontend/node_modules/react-dom/cjs/react-dom-client.development.js:23863:20)
    at renderWithHooks (/home/ilya/projects/SimpleAdminReporter/frontend/node_modules/react-dom/cjs/react-dom-client.development.js:5529:22)
    at updateFunctionComponent (/home/ilya/projects/SimpleAdminReporter/frontend/node_modules/react-dom/cjs/react-dom-client.development.js:8897:19)
    at beginWork (/home/ilya/projects/SimpleAdminReporter/frontend/node_modules/react-dom/cjs/react-dom-client.development.js:10522:18)
    at runWithFiberInDEV (/home/ilya/projects/SimpleAdminReporter/frontend/node_modules/react-dom/cjs/react-dom-client.development.js:1522:13)
    at performUnitOfWork (/home/ilya/project..." type="TestingLibraryElementError">
TestingLibraryElementError: Unable to find an element with the text: Network Connection Issue. This could be because the text is broken up by multiple elements. In this case, you can provide a function for your text matcher to make your matcher more flexible.

Ignored nodes: comments, script, style
&lt;body&gt;
  &lt;div&gt;
    &lt;div
      data-testid=&quot;test-content&quot;
    &gt;
      Test content
    &lt;/div&gt;
  &lt;/div&gt;
  &lt;div&gt;
    &lt;div
      style=&quot;min-height: 400px; background: rgb(245, 245, 245); display: flex; align-items: center; justify-content: center; padding: 32px; border-radius: 8px;&quot;
    &gt;
      &lt;div
        style=&quot;max-width: 600px; width: 100%; text-align: center; background: rgba(255, 255, 255, 0.9); border-radius: 16px; padding: 32px; border: 1px solid rgb(229, 231, 235); box-shadow: 0 4px 6px rgba(0, 0, 0, 0.1);&quot;
      &gt;
        &lt;svg
          aria-hidden=&quot;true&quot;
          class=&quot;lucide lucide-circle-alert&quot;
          fill=&quot;none&quot;
          height=&quot;48&quot;
          stroke=&quot;currentColor&quot;
          stroke-linecap=&quot;round&quot;
          stroke-linejoin=&quot;round&quot;
          stroke-width=&quot;2&quot;
          style=&quot;color: rgb(239, 68, 68); margin-bottom: 16px;&quot;
          viewBox=&quot;0 0 24 24&quot;
          width=&quot;48&quot;
          xmlns=&quot;http://www.w3.org/2000/svg&quot;
        &gt;
          &lt;circle
            cx=&quot;12&quot;
            cy=&quot;12&quot;
            r=&quot;10&quot;
          /&gt;
          &lt;line
            x1=&quot;12&quot;
            x2=&quot;12&quot;
            y1=&quot;8&quot;
            y2=&quot;12&quot;
          /&gt;
          &lt;line
            x1=&quot;12&quot;
            x2=&quot;12.01&quot;
            y1=&quot;16&quot;
            y2=&quot;16&quot;
          /&gt;
        &lt;/svg&gt;
        &lt;h3
          style=&quot;font-size: 20px; font-weight: bold; margin-bottom: 8px; color: rgb(31, 41, 55);&quot;
        &gt;
          Unexpected Error
        &lt;/h3&gt;
        &lt;p
          style=&quot;font-size: 14px; margin-bottom: 20px; color: rgb(107, 114, 128); line-height: 1.5;&quot;
        &gt;
          An unexpected error occurred while executing your query. Please try again.
        &lt;/p&gt;
        &lt;details
          style=&quot;text-align: left; margin-bottom: 20px; background: rgba(0, 0, 0, 0.05); padding: 12px; border-radius: 6px; font-size: 12px;&quot;
        &gt;
          &lt;summary
            style=&quot;cursor: pointer; margin-bottom: 8px; color: rgb(107, 114, 128); font-size: 12px;&quot;
          &gt;
            &lt;svg
              aria-hidden=&quot;true&quot;
              class=&quot;lucide lucide-bug&quot;
              fill=&quot;none&quot;
              height=&quot;14&quot;
              stroke=&quot;currentColor&quot;
              stroke-linecap=&quot;round&quot;
              stroke-linejoin=&quot;round&quot;
              stroke-width=&quot;2&quot;
              style=&quot;margin-right: 6px; vertical-align: middle;&quot;
              viewBox=&quot;0 0 24 24&quot;
              width=&quot;14&quot;
              xmlns=&quot;http://www.w3.org/2000/svg&quot;
            &gt;
              &lt;path
                d=&quot;m8 2 1.88 1.88&quot;
              /&gt;
              &lt;path
                d=&quot;M14.12 3.88 16 2&quot;
              /&gt;
              &lt;path
                d=&quot;M9 7.13v-1a3.003 3.003 0 1 1 6 0v1&quot;
              /&gt;
              &lt;path
                d=&quot;M12 20c-3.3 0-6-2.7-6-6v-3a4 4 0 0 1 4-4h4a4 4 0 0 1 4 4v3c0 3.3-2.7 6-6 6&quot;
              /&gt;
              &lt;path
                d=&quot;M12 20v-9&quot;
              /&gt;
              &lt;path
                d=&quot;M6.53 9C4.6 8.8 3 7.1 3 5&quot;
              /&gt;
              &lt;path
                d=&quot;M6 13H2&quot;
              /&gt;
              &lt;path
                d=&quot;M3 21c0-2.1 1.7-3.9 3.8-4&quot;
              /&gt;
              &lt;path
                d=&quot;M20.97 5c0 2.1-1.6 3.8-3.5 4&quot;
              /&gt;
              &lt;path
                d=&quot;M22 13h-4&quot;
              /&gt;
              &lt;path
                d=&quot;M17.2 17c2.1.1 3.8 1.9 3.8 4&quot;
              /&gt;
            &lt;/svg&gt;
            Error Details (Development Only)
          &lt;/summary&gt;
          &lt;div
            style=&quot;font-family: monospace; color: rgb(75, 85, 99); word-break: break-word;&quot;
          &gt;
            &lt;strong&gt;
              Type:
            &lt;/strong&gt;
             
            UNKNOWN
            &lt;br /&gt;
            &lt;strong&gt;
              Code:
            &lt;/strong&gt;
             
            Unknown
            &lt;br /&gt;
            &lt;strong&gt;
              Message:
            &lt;/strong&gt;
             
            Test error message
            &lt;br /&gt;
            &lt;strong&gt;
              Stack:
            &lt;/strong&gt;
            &lt;pre
              style=&quot;white-space: pre-wrap; word-break: break-word; margin: 4px 0px 0px 0px; font-size: 10px;&quot;
            &gt;
              AppError: Test error message
    at ThrowErrorComponent (/home/ilya/projects/SimpleAdminReporter/frontend/src/components/query/__tests__/QueryPreviewErrorBoundary.test.tsx:59:19)
    at Object.react_stack_bottom_frame (/home/ilya/projects/SimpleAdminReporter/frontend/node_modules/react-dom/cjs/react-dom-client.development.js:23863:20)
    at renderWithHooks (/home/ilya/projects/SimpleAdminReporter/frontend/node_modules/react-dom/cjs/react-dom-client.development.js:5529:22)
    at updateFunctionComponent (/home/ilya/projects/SimpleAdminReporter/frontend/node_modules/react-dom/cjs/react-dom-client.development.js:8897:19)
    at beginWork (/home/ilya/projects/SimpleAdminReporter/frontend/node_modules/react-dom/cjs/react-dom-client.development.js:10522:18)
    at runWithFiberInDEV (/home/ilya/projects/SimpleAdminReporter/frontend/node_modules/react-dom/cjs/react-dom-client.development.js:1522:13)
    at performUnitOfWork (/home/ilya/project...
 ❯ ThrowErrorComponent src/components/query/__tests__/QueryPreviewErrorBoundary.test.tsx:59:19
 ❯ Object.react_stack_bottom_frame node_modules/react-dom/cjs/react-dom-client.development.js:23863:20
 ❯ renderWithHooks node_modules/react-dom/cjs/react-dom-client.development.js:5529:22
 ❯ updateFunctionComponent node_modules/react-dom/cjs/react-dom-client.development.js:8897:19
 ❯ beginWork node_modules/react-dom/cjs/react-dom-client.development.js:10522:18
 ❯ runWithFiberInDEV node_modules/react-dom/cjs/react-dom-client.development.js:1522:13
 ❯ Object.getElementError node_modules/@testing-library/dom/dist/config.js:37:19
 ❯ node_modules/@testing-library/dom/dist/query-helpers.js:76:38
 ❯ node_modules/@testing-library/dom/dist/query-helpers.js:52:17
 ❯ node_modules/@testing-library/dom/dist/query-helpers.js:95:19
 ❯ src/components/query/__tests__/QueryPreviewErrorBoundary.test.tsx:251:23
            </failure>
            <failure message="Cannot delete property &apos;gtag&apos; of #&lt;Object&gt;" type="TypeError">
TypeError: Cannot delete property &apos;gtag&apos; of #&lt;Object&gt;
 ❯ src/components/query/__tests__/QueryPreviewErrorBoundary.test.tsx:49:3
            </failure>
        </testcase>
        <testcase classname="src/components/query/__tests__/QueryPreviewErrorBoundary.test.tsx" name="QueryPreviewErrorBoundary &gt; Error Type-Specific Handling &gt; handles TIMEOUT error type correctly" time="0.024383701">
            <failure message="Unable to find an element with the text: Query Timeout. This could be because the text is broken up by multiple elements. In this case, you can provide a function for your text matcher to make your matcher more flexible.

Ignored nodes: comments, script, style
[36m&lt;body&gt;[39m
  [36m&lt;div&gt;[39m
    [36m&lt;div[39m
      [33mdata-testid[39m=[32m&quot;test-content&quot;[39m
    [36m&gt;[39m
      [0mTest content[0m
    [36m&lt;/div&gt;[39m
  [36m&lt;/div&gt;[39m
  [36m&lt;div&gt;[39m
    [36m&lt;div[39m
      [33mstyle[39m=[32m&quot;min-height: 400px; background: rgb(245, 245, 245); display: flex; align-items: center; justify-content: center; padding: 32px; border-radius: 8px;&quot;[39m
    [36m&gt;[39m
      [36m&lt;div[39m
        [33mstyle[39m=[32m&quot;max-width: 600px; width: 100%; text-align: center; background: rgba(255, 255, 255, 0.9); border-radius: 16px; padding: 32px; border: 1px solid rgb(229, 231, 235); box-shadow: 0 4px 6px rgba(0, 0, 0, 0.1);&quot;[39m
      [36m&gt;[39m
        [36m&lt;svg[39m
          [33maria-hidden[39m=[32m&quot;true&quot;[39m
          [33mclass[39m=[32m&quot;lucide lucide-circle-alert&quot;[39m
          [33mfill[39m=[32m&quot;none&quot;[39m
          [33mheight[39m=[32m&quot;48&quot;[39m
          [33mstroke[39m=[32m&quot;currentColor&quot;[39m
          [33mstroke-linecap[39m=[32m&quot;round&quot;[39m
          [33mstroke-linejoin[39m=[32m&quot;round&quot;[39m
          [33mstroke-width[39m=[32m&quot;2&quot;[39m
          [33mstyle[39m=[32m&quot;color: rgb(239, 68, 68); margin-bottom: 16px;&quot;[39m
          [33mviewBox[39m=[32m&quot;0 0 24 24&quot;[39m
          [33mwidth[39m=[32m&quot;48&quot;[39m
          [33mxmlns[39m=[32m&quot;http://www.w3.org/2000/svg&quot;[39m
        [36m&gt;[39m
          [36m&lt;circle[39m
            [33mcx[39m=[32m&quot;12&quot;[39m
            [33mcy[39m=[32m&quot;12&quot;[39m
            [33mr[39m=[32m&quot;10&quot;[39m
          [36m/&gt;[39m
          [36m&lt;line[39m
            [33mx1[39m=[32m&quot;12&quot;[39m
            [33mx2[39m=[32m&quot;12&quot;[39m
            [33my1[39m=[32m&quot;8&quot;[39m
            [33my2[39m=[32m&quot;12&quot;[39m
          [36m/&gt;[39m
          [36m&lt;line[39m
            [33mx1[39m=[32m&quot;12&quot;[39m
            [33mx2[39m=[32m&quot;12.01&quot;[39m
            [33my1[39m=[32m&quot;16&quot;[39m
            [33my2[39m=[32m&quot;16&quot;[39m
          [36m/&gt;[39m
        [36m&lt;/svg&gt;[39m
        [36m&lt;h3[39m
          [33mstyle[39m=[32m&quot;font-size: 20px; font-weight: bold; margin-bottom: 8px; color: rgb(31, 41, 55);&quot;[39m
        [36m&gt;[39m
          [0mUnexpected Error[0m
        [36m&lt;/h3&gt;[39m
        [36m&lt;p[39m
          [33mstyle[39m=[32m&quot;font-size: 14px; margin-bottom: 20px; color: rgb(107, 114, 128); line-height: 1.5;&quot;[39m
        [36m&gt;[39m
          [0mAn unexpected error occurred while executing your query. Please try again.[0m
        [36m&lt;/p&gt;[39m
        [36m&lt;details[39m
          [33mstyle[39m=[32m&quot;text-align: left; margin-bottom: 20px; background: rgba(0, 0, 0, 0.05); padding: 12px; border-radius: 6px; font-size: 12px;&quot;[39m
        [36m&gt;[39m
          [36m&lt;summary[39m
            [33mstyle[39m=[32m&quot;cursor: pointer; margin-bottom: 8px; color: rgb(107, 114, 128); font-size: 12px;&quot;[39m
          [36m&gt;[39m
            [36m&lt;svg[39m
              [33maria-hidden[39m=[32m&quot;true&quot;[39m
              [33mclass[39m=[32m&quot;lucide lucide-bug&quot;[39m
              [33mfill[39m=[32m&quot;none&quot;[39m
              [33mheight[39m=[32m&quot;14&quot;[39m
              [33mstroke[39m=[32m&quot;currentColor&quot;[39m
              [33mstroke-linecap[39m=[32m&quot;round&quot;[39m
              [33mstroke-linejoin[39m=[32m&quot;round&quot;[39m
              [33mstroke-width[39m=[32m&quot;2&quot;[39m
              [33mstyle[39m=[32m&quot;margin-right: 6px; vertical-align: middle;&quot;[39m
              [33mviewBox[39m=[32m&quot;0 0 24 24&quot;[39m
              [33mwidth[39m=[32m&quot;14&quot;[39m
              [33mxmlns[39m=[32m&quot;http://www.w3.org/2000/svg&quot;[39m
            [36m&gt;[39m
              [36m&lt;path[39m
                [33md[39m=[32m&quot;m8 2 1.88 1.88&quot;[39m
              [36m/&gt;[39m
              [36m&lt;path[39m
                [33md[39m=[32m&quot;M14.12 3.88 16 2&quot;[39m
              [36m/&gt;[39m
              [36m&lt;path[39m
                [33md[39m=[32m&quot;M9 7.13v-1a3.003 3.003 0 1 1 6 0v1&quot;[39m
              [36m/&gt;[39m
              [36m&lt;path[39m
                [33md[39m=[32m&quot;M12 20c-3.3 0-6-2.7-6-6v-3a4 4 0 0 1 4-4h4a4 4 0 0 1 4 4v3c0 3.3-2.7 6-6 6&quot;[39m
              [36m/&gt;[39m
              [36m&lt;path[39m
                [33md[39m=[32m&quot;M12 20v-9&quot;[39m
              [36m/&gt;[39m
              [36m&lt;path[39m
                [33md[39m=[32m&quot;M6.53 9C4.6 8.8 3 7.1 3 5&quot;[39m
              [36m/&gt;[39m
              [36m&lt;path[39m
                [33md[39m=[32m&quot;M6 13H2&quot;[39m
              [36m/&gt;[39m
              [36m&lt;path[39m
                [33md[39m=[32m&quot;M3 21c0-2.1 1.7-3.9 3.8-4&quot;[39m
              [36m/&gt;[39m
              [36m&lt;path[39m
                [33md[39m=[32m&quot;M20.97 5c0 2.1-1.6 3.8-3.5 4&quot;[39m
              [36m/&gt;[39m
              [36m&lt;path[39m
                [33md[39m=[32m&quot;M22 13h-4&quot;[39m
              [36m/&gt;[39m
              [36m&lt;path[39m
                [33md[39m=[32m&quot;M17.2 17c2.1.1 3.8 1.9 3.8 4&quot;[39m
              [36m/&gt;[39m
            [36m&lt;/svg&gt;[39m
            [0mError Details (Development Only)[0m
          [36m&lt;/summary&gt;[39m
          [36m&lt;div[39m
            [33mstyle[39m=[32m&quot;font-family: monospace; color: rgb(75, 85, 99); word-break: break-word;&quot;[39m
          [36m&gt;[39m
            [36m&lt;strong&gt;[39m
              [0mType:[0m
            [36m&lt;/strong&gt;[39m
            [0m [0m
            [0mUNKNOWN[0m
            [36m&lt;br /&gt;[39m
            [36m&lt;strong&gt;[39m
              [0mCode:[0m
            [36m&lt;/strong&gt;[39m
            [0m [0m
            [0mUnknown[0m
            [36m&lt;br /&gt;[39m
            [36m&lt;strong&gt;[39m
              [0mMessage:[0m
            [36m&lt;/strong&gt;[39m
            [0m [0m
            [0mTest error message[0m
            [36m&lt;br /&gt;[39m
            [36m&lt;strong&gt;[39m
              [0mStack:[0m
            [36m&lt;/strong&gt;[39m
            [36m&lt;pre[39m
              [33mstyle[39m=[32m&quot;white-space: pre-wrap; word-break: break-word; margin: 4px 0px 0px 0px; font-size: 10px;&quot;[39m
            [36m&gt;[39m
              [0mAppError: Test error message
    at ThrowErrorComponent (/home/ilya/projects/SimpleAdminReporter/frontend/src/components/query/__tests__/QueryPreviewErrorBoundary.test.tsx:59:19)
    at Object.react_stack_bottom_frame (/home/ilya/projects/SimpleAdminReporter/frontend/node_modules/react-dom/cjs/react-dom-client.development.js:23863:20)
    at renderWithHooks (/home/ilya/projects/SimpleAdminReporter/frontend/node_modules/react-dom/cjs/react-dom-client.development.js:5529:22)
    at updateFunctionComponent (/home/ilya/projects/SimpleAdminReporter/frontend/node_modules/react-dom/cjs/react-dom-client.development.js:8897:19)
    at beginWork (/home/ilya/projects/SimpleAdminReporter/frontend/node_modules/react-dom/cjs/react-dom-client.development.js:10522:18)
    at runWithFiberInDEV (/home/ilya/projects/SimpleAdminReporter/frontend/node_modules/react-dom/cjs/react-dom-client.development.js:1522:13)
    at performUnitOfWork (/home/ilya/project..." type="TestingLibraryElementError">
TestingLibraryElementError: Unable to find an element with the text: Query Timeout. This could be because the text is broken up by multiple elements. In this case, you can provide a function for your text matcher to make your matcher more flexible.

Ignored nodes: comments, script, style
&lt;body&gt;
  &lt;div&gt;
    &lt;div
      data-testid=&quot;test-content&quot;
    &gt;
      Test content
    &lt;/div&gt;
  &lt;/div&gt;
  &lt;div&gt;
    &lt;div
      style=&quot;min-height: 400px; background: rgb(245, 245, 245); display: flex; align-items: center; justify-content: center; padding: 32px; border-radius: 8px;&quot;
    &gt;
      &lt;div
        style=&quot;max-width: 600px; width: 100%; text-align: center; background: rgba(255, 255, 255, 0.9); border-radius: 16px; padding: 32px; border: 1px solid rgb(229, 231, 235); box-shadow: 0 4px 6px rgba(0, 0, 0, 0.1);&quot;
      &gt;
        &lt;svg
          aria-hidden=&quot;true&quot;
          class=&quot;lucide lucide-circle-alert&quot;
          fill=&quot;none&quot;
          height=&quot;48&quot;
          stroke=&quot;currentColor&quot;
          stroke-linecap=&quot;round&quot;
          stroke-linejoin=&quot;round&quot;
          stroke-width=&quot;2&quot;
          style=&quot;color: rgb(239, 68, 68); margin-bottom: 16px;&quot;
          viewBox=&quot;0 0 24 24&quot;
          width=&quot;48&quot;
          xmlns=&quot;http://www.w3.org/2000/svg&quot;
        &gt;
          &lt;circle
            cx=&quot;12&quot;
            cy=&quot;12&quot;
            r=&quot;10&quot;
          /&gt;
          &lt;line
            x1=&quot;12&quot;
            x2=&quot;12&quot;
            y1=&quot;8&quot;
            y2=&quot;12&quot;
          /&gt;
          &lt;line
            x1=&quot;12&quot;
            x2=&quot;12.01&quot;
            y1=&quot;16&quot;
            y2=&quot;16&quot;
          /&gt;
        &lt;/svg&gt;
        &lt;h3
          style=&quot;font-size: 20px; font-weight: bold; margin-bottom: 8px; color: rgb(31, 41, 55);&quot;
        &gt;
          Unexpected Error
        &lt;/h3&gt;
        &lt;p
          style=&quot;font-size: 14px; margin-bottom: 20px; color: rgb(107, 114, 128); line-height: 1.5;&quot;
        &gt;
          An unexpected error occurred while executing your query. Please try again.
        &lt;/p&gt;
        &lt;details
          style=&quot;text-align: left; margin-bottom: 20px; background: rgba(0, 0, 0, 0.05); padding: 12px; border-radius: 6px; font-size: 12px;&quot;
        &gt;
          &lt;summary
            style=&quot;cursor: pointer; margin-bottom: 8px; color: rgb(107, 114, 128); font-size: 12px;&quot;
          &gt;
            &lt;svg
              aria-hidden=&quot;true&quot;
              class=&quot;lucide lucide-bug&quot;
              fill=&quot;none&quot;
              height=&quot;14&quot;
              stroke=&quot;currentColor&quot;
              stroke-linecap=&quot;round&quot;
              stroke-linejoin=&quot;round&quot;
              stroke-width=&quot;2&quot;
              style=&quot;margin-right: 6px; vertical-align: middle;&quot;
              viewBox=&quot;0 0 24 24&quot;
              width=&quot;14&quot;
              xmlns=&quot;http://www.w3.org/2000/svg&quot;
            &gt;
              &lt;path
                d=&quot;m8 2 1.88 1.88&quot;
              /&gt;
              &lt;path
                d=&quot;M14.12 3.88 16 2&quot;
              /&gt;
              &lt;path
                d=&quot;M9 7.13v-1a3.003 3.003 0 1 1 6 0v1&quot;
              /&gt;
              &lt;path
                d=&quot;M12 20c-3.3 0-6-2.7-6-6v-3a4 4 0 0 1 4-4h4a4 4 0 0 1 4 4v3c0 3.3-2.7 6-6 6&quot;
              /&gt;
              &lt;path
                d=&quot;M12 20v-9&quot;
              /&gt;
              &lt;path
                d=&quot;M6.53 9C4.6 8.8 3 7.1 3 5&quot;
              /&gt;
              &lt;path
                d=&quot;M6 13H2&quot;
              /&gt;
              &lt;path
                d=&quot;M3 21c0-2.1 1.7-3.9 3.8-4&quot;
              /&gt;
              &lt;path
                d=&quot;M20.97 5c0 2.1-1.6 3.8-3.5 4&quot;
              /&gt;
              &lt;path
                d=&quot;M22 13h-4&quot;
              /&gt;
              &lt;path
                d=&quot;M17.2 17c2.1.1 3.8 1.9 3.8 4&quot;
              /&gt;
            &lt;/svg&gt;
            Error Details (Development Only)
          &lt;/summary&gt;
          &lt;div
            style=&quot;font-family: monospace; color: rgb(75, 85, 99); word-break: break-word;&quot;
          &gt;
            &lt;strong&gt;
              Type:
            &lt;/strong&gt;
             
            UNKNOWN
            &lt;br /&gt;
            &lt;strong&gt;
              Code:
            &lt;/strong&gt;
             
            Unknown
            &lt;br /&gt;
            &lt;strong&gt;
              Message:
            &lt;/strong&gt;
             
            Test error message
            &lt;br /&gt;
            &lt;strong&gt;
              Stack:
            &lt;/strong&gt;
            &lt;pre
              style=&quot;white-space: pre-wrap; word-break: break-word; margin: 4px 0px 0px 0px; font-size: 10px;&quot;
            &gt;
              AppError: Test error message
    at ThrowErrorComponent (/home/ilya/projects/SimpleAdminReporter/frontend/src/components/query/__tests__/QueryPreviewErrorBoundary.test.tsx:59:19)
    at Object.react_stack_bottom_frame (/home/ilya/projects/SimpleAdminReporter/frontend/node_modules/react-dom/cjs/react-dom-client.development.js:23863:20)
    at renderWithHooks (/home/ilya/projects/SimpleAdminReporter/frontend/node_modules/react-dom/cjs/react-dom-client.development.js:5529:22)
    at updateFunctionComponent (/home/ilya/projects/SimpleAdminReporter/frontend/node_modules/react-dom/cjs/react-dom-client.development.js:8897:19)
    at beginWork (/home/ilya/projects/SimpleAdminReporter/frontend/node_modules/react-dom/cjs/react-dom-client.development.js:10522:18)
    at runWithFiberInDEV (/home/ilya/projects/SimpleAdminReporter/frontend/node_modules/react-dom/cjs/react-dom-client.development.js:1522:13)
    at performUnitOfWork (/home/ilya/project...
 ❯ ThrowErrorComponent src/components/query/__tests__/QueryPreviewErrorBoundary.test.tsx:59:19
 ❯ Object.react_stack_bottom_frame node_modules/react-dom/cjs/react-dom-client.development.js:23863:20
 ❯ renderWithHooks node_modules/react-dom/cjs/react-dom-client.development.js:5529:22
 ❯ updateFunctionComponent node_modules/react-dom/cjs/react-dom-client.development.js:8897:19
 ❯ beginWork node_modules/react-dom/cjs/react-dom-client.development.js:10522:18
 ❯ runWithFiberInDEV node_modules/react-dom/cjs/react-dom-client.development.js:1522:13
 ❯ Object.getElementError node_modules/@testing-library/dom/dist/config.js:37:19
 ❯ node_modules/@testing-library/dom/dist/query-helpers.js:76:38
 ❯ node_modules/@testing-library/dom/dist/query-helpers.js:52:17
 ❯ node_modules/@testing-library/dom/dist/query-helpers.js:95:19
 ❯ src/components/query/__tests__/QueryPreviewErrorBoundary.test.tsx:251:23
            </failure>
            <failure message="Cannot delete property &apos;gtag&apos; of #&lt;Object&gt;" type="TypeError">
TypeError: Cannot delete property &apos;gtag&apos; of #&lt;Object&gt;
 ❯ src/components/query/__tests__/QueryPreviewErrorBoundary.test.tsx:49:3
            </failure>
        </testcase>
        <testcase classname="src/components/query/__tests__/QueryPreviewErrorBoundary.test.tsx" name="QueryPreviewErrorBoundary &gt; Error Type-Specific Handling &gt; handles VALIDATION error type correctly" time="0.028850631">
            <failure message="Unable to find an element with the text: Query Configuration Error. This could be because the text is broken up by multiple elements. In this case, you can provide a function for your text matcher to make your matcher more flexible.

Ignored nodes: comments, script, style
[36m&lt;body&gt;[39m
  [36m&lt;div&gt;[39m
    [36m&lt;div[39m
      [33mdata-testid[39m=[32m&quot;test-content&quot;[39m
    [36m&gt;[39m
      [0mTest content[0m
    [36m&lt;/div&gt;[39m
  [36m&lt;/div&gt;[39m
  [36m&lt;div&gt;[39m
    [36m&lt;div[39m
      [33mstyle[39m=[32m&quot;min-height: 400px; background: rgb(245, 245, 245); display: flex; align-items: center; justify-content: center; padding: 32px; border-radius: 8px;&quot;[39m
    [36m&gt;[39m
      [36m&lt;div[39m
        [33mstyle[39m=[32m&quot;max-width: 600px; width: 100%; text-align: center; background: rgba(255, 255, 255, 0.9); border-radius: 16px; padding: 32px; border: 1px solid rgb(229, 231, 235); box-shadow: 0 4px 6px rgba(0, 0, 0, 0.1);&quot;[39m
      [36m&gt;[39m
        [36m&lt;svg[39m
          [33maria-hidden[39m=[32m&quot;true&quot;[39m
          [33mclass[39m=[32m&quot;lucide lucide-circle-alert&quot;[39m
          [33mfill[39m=[32m&quot;none&quot;[39m
          [33mheight[39m=[32m&quot;48&quot;[39m
          [33mstroke[39m=[32m&quot;currentColor&quot;[39m
          [33mstroke-linecap[39m=[32m&quot;round&quot;[39m
          [33mstroke-linejoin[39m=[32m&quot;round&quot;[39m
          [33mstroke-width[39m=[32m&quot;2&quot;[39m
          [33mstyle[39m=[32m&quot;color: rgb(239, 68, 68); margin-bottom: 16px;&quot;[39m
          [33mviewBox[39m=[32m&quot;0 0 24 24&quot;[39m
          [33mwidth[39m=[32m&quot;48&quot;[39m
          [33mxmlns[39m=[32m&quot;http://www.w3.org/2000/svg&quot;[39m
        [36m&gt;[39m
          [36m&lt;circle[39m
            [33mcx[39m=[32m&quot;12&quot;[39m
            [33mcy[39m=[32m&quot;12&quot;[39m
            [33mr[39m=[32m&quot;10&quot;[39m
          [36m/&gt;[39m
          [36m&lt;line[39m
            [33mx1[39m=[32m&quot;12&quot;[39m
            [33mx2[39m=[32m&quot;12&quot;[39m
            [33my1[39m=[32m&quot;8&quot;[39m
            [33my2[39m=[32m&quot;12&quot;[39m
          [36m/&gt;[39m
          [36m&lt;line[39m
            [33mx1[39m=[32m&quot;12&quot;[39m
            [33mx2[39m=[32m&quot;12.01&quot;[39m
            [33my1[39m=[32m&quot;16&quot;[39m
            [33my2[39m=[32m&quot;16&quot;[39m
          [36m/&gt;[39m
        [36m&lt;/svg&gt;[39m
        [36m&lt;h3[39m
          [33mstyle[39m=[32m&quot;font-size: 20px; font-weight: bold; margin-bottom: 8px; color: rgb(31, 41, 55);&quot;[39m
        [36m&gt;[39m
          [0mUnexpected Error[0m
        [36m&lt;/h3&gt;[39m
        [36m&lt;p[39m
          [33mstyle[39m=[32m&quot;font-size: 14px; margin-bottom: 20px; color: rgb(107, 114, 128); line-height: 1.5;&quot;[39m
        [36m&gt;[39m
          [0mAn unexpected error occurred while executing your query. Please try again.[0m
        [36m&lt;/p&gt;[39m
        [36m&lt;details[39m
          [33mstyle[39m=[32m&quot;text-align: left; margin-bottom: 20px; background: rgba(0, 0, 0, 0.05); padding: 12px; border-radius: 6px; font-size: 12px;&quot;[39m
        [36m&gt;[39m
          [36m&lt;summary[39m
            [33mstyle[39m=[32m&quot;cursor: pointer; margin-bottom: 8px; color: rgb(107, 114, 128); font-size: 12px;&quot;[39m
          [36m&gt;[39m
            [36m&lt;svg[39m
              [33maria-hidden[39m=[32m&quot;true&quot;[39m
              [33mclass[39m=[32m&quot;lucide lucide-bug&quot;[39m
              [33mfill[39m=[32m&quot;none&quot;[39m
              [33mheight[39m=[32m&quot;14&quot;[39m
              [33mstroke[39m=[32m&quot;currentColor&quot;[39m
              [33mstroke-linecap[39m=[32m&quot;round&quot;[39m
              [33mstroke-linejoin[39m=[32m&quot;round&quot;[39m
              [33mstroke-width[39m=[32m&quot;2&quot;[39m
              [33mstyle[39m=[32m&quot;margin-right: 6px; vertical-align: middle;&quot;[39m
              [33mviewBox[39m=[32m&quot;0 0 24 24&quot;[39m
[...]
              /&gt;
              &lt;path
                d=&quot;M9 7.13v-1a3.003 3.003 0 1 1 6 0v1&quot;
              /&gt;
              &lt;path
                d=&quot;M12 20c-3.3 0-6-2.7-6-6v-3a4 4 0 0 1 4-4h4a4 4 0 0 1 4 4v3c0 3.3-2.7 6-6 6&quot;
              /&gt;
              &lt;path
                d=&quot;M12 20v-9&quot;
              /&gt;
              &lt;path
                d=&quot;M6.53 9C4.6 8.8 3 7.1 3 5&quot;
              /&gt;
              &lt;path
                d=&quot;M6 13H2&quot;
              /&gt;
              &lt;path
                d=&quot;M3 21c0-2.1 1.7-3.9 3.8-4&quot;
              /&gt;
              &lt;path
                d=&quot;M20.97 5c0 2.1-1.6 3.8-3.5 4&quot;
              /&gt;
              &lt;path
                d=&quot;M22 13h-4&quot;
              /&gt;
              &lt;path
                d=&quot;M17.2 17c2.1.1 3.8 1.9 3.8 4&quot;
              /&gt;
            &lt;/svg&gt;
            Error Details (Development Only)
          &lt;/summary&gt;
          &lt;div
            style=&quot;font-family: monospace; color: rgb(75, 85, 99); word-break: break-word;&quot;
          &gt;
            &lt;strong&gt;
              Type:
            &lt;/strong&gt;
             
            UNKNOWN
            &lt;br /&gt;
            &lt;strong&gt;
              Code:
            &lt;/strong&gt;
             
            Unknown
            &lt;br /&gt;
            &lt;strong&gt;
              Message:
            &lt;/strong&gt;
             
            Test error message
            &lt;br /&gt;
            &lt;strong&gt;
              Stack:
            &lt;/strong&gt;
            &lt;pre
              style=&quot;white-space: pre-wrap; word-break: break-word; margin: 4px 0px 0px 0px; font-size: 10px;&quot;
            &gt;
              AppError: Test error message
    at ThrowErrorComponent (/home/ilya/projects/SimpleAdminReporter/frontend/src/components/query/__tests__/QueryPreviewErrorBoundary.test.tsx:59:19)
    at Object.react_stack_bottom_frame (/home/ilya/projects/SimpleAdminReporter/frontend/node_modules/react-dom/cjs/react-dom-client.development.js:23863:20)
    at renderWithHooks (/home/ilya/projects/SimpleAdminReporter/frontend/node_modules/react-dom/cjs/react-dom-client.development.js:5529:22)
    at updateFunctionComponent (/home/ilya/projects/SimpleAdminReporter/frontend/node_modules/react-dom/cjs/react-dom-client.development.js:8897:19)
    at beginWork (/home/ilya/projects/SimpleAdminReporter/frontend/node_modules/react-dom/cjs/react-dom-client.development.js:10522:18)
    at runWithFiberInDEV (/home/ilya/projects/SimpleAdminReporter/frontend/node_modules/react-dom/cjs/react-dom-client.development.js:1522:13)
    at performUnitOfWork (/home/ilya/project...
 ❯ ThrowErrorComponent src/components/query/__tests__/QueryPreviewErrorBoundary.test.tsx:59:19
 ❯ Object.react_stack_bottom_frame node_modules/react-dom/cjs/react-dom-client.development.js:23863:20
 ❯ renderWithHooks node_modules/react-dom/cjs/react-dom-client.development.js:5529:22
 ❯ updateFunctionComponent node_modules/react-dom/cjs/react-dom-client.development.js:8897:19
 ❯ beginWork node_modules/react-dom/cjs/react-dom-client.development.js:10522:18
 ❯ runWithFiberInDEV node_modules/react-dom/cjs/react-dom-client.development.js:1522:13
 ❯ Object.getElementError node_modules/@testing-library/dom/dist/config.js:37:19
 ❯ node_modules/@testing-library/dom/dist/query-helpers.js:76:38
 ❯ node_modules/@testing-library/dom/dist/query-helpers.js:52:17
 ❯ node_modules/@testing-library/dom/dist/query-helpers.js:95:19
 ❯ src/components/query/__tests__/QueryPreviewErrorBoundary.test.tsx:607:34
            </failure>
            <failure message="Cannot delete property &apos;gtag&apos; of #&lt;Object&gt;" type="TypeError">
TypeError: Cannot delete property &apos;gtag&apos; of #&lt;Object&gt;
 ❯ src/components/query/__tests__/QueryPreviewErrorBoundary.test.tsx:49:3
            </failure>
        </testcase>
        <testcase classname="src/components/query/__tests__/QueryPreviewErrorBoundary.test.tsx" name="QueryPreviewErrorBoundary &gt; Component Lifecycle &gt; handles rapid successive errors correctly" time="0.037593406">
            <failure message="Unable to find an element with the text: Network Connection Issue. This could be because the text is broken up by multiple elements. In this case, you can provide a function for your text matcher to make your matcher more flexible.

Ignored nodes: comments, script, style
[36m&lt;body&gt;[39m
  [36m&lt;div&gt;[39m
    [36m&lt;div[39m
      [33mdata-testid[39m=[32m&quot;test-content&quot;[39m
    [36m&gt;[39m
      [0mTest content[0m
    [36m&lt;/div&gt;[39m
  [36m&lt;/div&gt;[39m
  [36m&lt;div&gt;[39m
    [36m&lt;div[39m
      [33mstyle[39m=[32m&quot;min-height: 400px; background: rgb(245, 245, 245); display: flex; align-items: center; justify-content: center; padding: 32px; border-radius: 8px;&quot;[39m
    [36m&gt;[39m
      [36m&lt;div[39m
        [33mstyle[39m=[32m&quot;max-width: 600px; width: 100%; text-align: center; background: rgba(255, 255, 255, 0.9); border-radius: 16px; padding: 32px; border: 1px solid rgb(229, 231, 235); box-shadow: 0 4px 6px rgba(0, 0, 0, 0.1);&quot;[39m
      [36m&gt;[39m
        [36m&lt;svg[39m
          [33maria-hidden[39m=[32m&quot;true&quot;[39m
          [33mclass[39m=[32m&quot;lucide lucide-circle-alert&quot;[39m
          [33mfill[39m=[32m&quot;none&quot;[39m
          [33mheight[39m=[32m&quot;48&quot;[39m
          [33mstroke[39m=[32m&quot;currentColor&quot;[39m
          [33mstroke-linecap[39m=[32m&quot;round&quot;[39m
          [33mstroke-linejoin[39m=[32m&quot;round&quot;[39m
          [33mstroke-width[39m=[32m&quot;2&quot;[39m
          [33mstyle[39m=[32m&quot;color: rgb(239, 68, 68); margin-bottom: 16px;&quot;[39m
          [33mviewBox[39m=[32m&quot;0 0 24 24&quot;[39m
          [33mwidth[39m=[32m&quot;48&quot;[39m
          [33mxmlns[39m=[32m&quot;http://www.w3.org/2000/svg&quot;[39m
        [36m&gt;[39m
          [36m&lt;circle[39m
            [33mcx[39m=[32m&quot;12&quot;[39m
            [33mcy[39m=[32m&quot;12&quot;[39m
            [33mr[39m=[32m&quot;10&quot;[39m
          [36m/&gt;[39m
          [36m&lt;line[39m
            [33mx1[39m=[32m&quot;12&quot;[39m
            [33mx2[39m=[32m&quot;12&quot;[39m
            [33my1[39m=[32m&quot;8&quot;[39m
            [33my2[39m=[32m&quot;12&quot;[39m
          [36m/&gt;[39m
          [36m&lt;line[39m
            [33mx1[39m=[32m&quot;12&quot;[39m
            [33mx2[39m=[32m&quot;12.01&quot;[39m
            [33my1[39m=[32m&quot;16&quot;[39m
            [33my2[39m=[32m&quot;16&quot;[39m
          [36m/&gt;[39m
        [36m&lt;/svg&gt;[39m
        [36m&lt;h3[39m
          [33mstyle[39m=[32m&quot;font-size: 20px; font-weight: bold; margin-bottom: 8px; color: rgb(31, 41, 55);&quot;[39m
        [36m&gt;[39m
          [0mUnexpected Error[0m
        [36m&lt;/h3&gt;[39m
        [36m&lt;p[39m
          [33mstyle[39m=[32m&quot;font-size: 14px; margin-bottom: 20px; color: rgb(107, 114, 128); line-height: 1.5;&quot;[39m
        [36m&gt;[39m
          [0mAn unexpected error occurred while executing your query. Please try again.[0m
        [36m&lt;/p&gt;[39m
        [36m&lt;details[39m
          [33mstyle[39m=[32m&quot;text-align: left; margin-bottom: 20px; background: rgba(0, 0, 0, 0.05); padding: 12px; border-radius: 6px; font-size: 12px;&quot;[39m
        [36m&gt;[39m
          [36m&lt;summary[39m
            [33mstyle[39m=[32m&quot;cursor: pointer; margin-bottom: 8px; color: rgb(107, 114, 128); font-size: 12px;&quot;[39m
          [36m&gt;[39m
            [36m&lt;svg[39m
              [33maria-hidden[39m=[32m&quot;true&quot;[39m
              [33mclass[39m=[32m&quot;lucide lucide-bug&quot;[39m
              [33mfill[39m=[32m&quot;none&quot;[39m
              [33mheight[39m=[32m&quot;14&quot;[39m
              [33mstroke[39m=[32m&quot;currentColor&quot;[39m
              [33mstroke-linecap[39m=[32m&quot;round&quot;[39m
              [33mstroke-linejoin[39m=[32m&quot;round&quot;[39m
              [33mstroke-width[39m=[32m&quot;2&quot;[39m
              [33mstyle[39m=[32m&quot;margin-right: 6px; vertical-align: middle;&quot;[39m
              [33mviewBox[39m=[32m&quot;0 0 24 24&quot;[39m
              [33mwidth[39m=[32m&quot;14&quot;[39m
              [33mxmlns[39m=[32m&quot;http://www.w3.org/2000/svg&quot;[39m
            [36m&gt;[39m
              [36m&lt;path[39m
                [33md[39m=[32m&quot;m8 2 1.88 1.88&quot;[39m
              [36m/&gt;[39m
              [36m&lt;path[39m
                [33md[39m=[32m&quot;M14.12 3.88 16 2&quot;[39m
              [36m/&gt;[39m
              [36m&lt;path[39m
                [33md[39m=[32m&quot;M9 7.13v-1a3.003 3.003 0 1 1 6 0v1&quot;[39m
              [36m/&gt;[39m
              [36m&lt;path[39m
                [33md[39m=[32m&quot;M12 20c-3.3 0-6-2.7-6-6v-3a4 4 0 0 1 4-4h4a4 4 0 0 1 4 4v3c0 3.3-2.7 6-6 6&quot;[39m
              [36m/&gt;[39m
              [36m&lt;path[39m
                [33md[39m=[32m&quot;M12 20v-9&quot;[39m
              [36m/&gt;[39m
              [36m&lt;path[39m
                [33md[39m=[32m&quot;M6.53 9C4.6 8.8 3 7.1 3 5&quot;[39m
              [36m/&gt;[39m
              [36m&lt;path[39m
                [33md[39m=[32m&quot;M6 13H2&quot;[39m
              [36m/&gt;[39m
              [36m&lt;path[39m
                [33md[39m=[32m&quot;M3 21c0-2.1 1.7-3.9 3.8-4&quot;[39m
              [36m/&gt;[39m
              [36m&lt;path[39m
                [33md[39m=[32m&quot;M20.97 5c0 2.1-1.6 3.8-3.5 4&quot;[39m
              [36m/&gt;[39m
              [36m&lt;path[39m
                [33md[39m=[32m&quot;M22 13h-4&quot;[39m
              [36m/&gt;[39m
              [36m&lt;path[39m
                [33md[39m=[32m&quot;M17.2 17c2.1.1 3.8 1.9 3.8 4&quot;[39m
              [36m/&gt;[39m
            [36m&lt;/svg&gt;[39m
            [0mError Details (Development Only)[0m
          [36m&lt;/summary&gt;[39m
          [36m&lt;div[39m
            [33mstyle[39m=[32m&quot;font-family: monospace; color: rgb(75, 85, 99); word-break: break-word;&quot;[39m
          [36m&gt;[39m
            [36m&lt;strong&gt;[39m
              [0mType:[0m
            [36m&lt;/strong&gt;[39m
            [0m [0m
            [0mUNKNOWN[0m
            [36m&lt;br /&gt;[39m
            [36m&lt;strong&gt;[39m
              [0mCode:[0m
            [36m&lt;/strong&gt;[39m
            [0m [0m
            [0mUnknown[0m
            [36m&lt;br /&gt;[39m
            [36m&lt;strong&gt;[39m
              [0mMessage:[0m
            [36m&lt;/strong&gt;[39m
            [0m [0m
            [0mTest error message[0m
            [36m&lt;br /&gt;[39m
            [36m&lt;strong&gt;[39m
              [0mStack:[0m
            [36m&lt;/strong&gt;[39m
            [36m&lt;pre[39m
              [33mstyle[39m=[32m&quot;white-space: pre-wrap; word-break: break-word; margin: 4px 0px 0px 0px; font-size: 10px;&quot;[39m
            [36m&gt;[39m
              [0mAppError: Test error message
    at ThrowErrorComponent (/home/ilya/projects/SimpleAdminReporter/frontend/src/components/query/__tests__/QueryPreviewErrorBoundary.test.tsx:59:19)
    at Object.react_stack_bottom_frame (/home/ilya/projects/SimpleAdminReporter/frontend/node_modules/react-dom/cjs/react-dom-client.development.js:23863:20)
    at renderWithHooks (/home/ilya/projects/SimpleAdminReporter/frontend/node_modules/react-dom/cjs/react-dom-client.development.js:5529:22)
    at updateFunctionComponent (/home/ilya/projects/SimpleAdminReporter/frontend/node_modules/react-dom/cjs/react-dom-client.development.js:8897:19)
    at beginWork (/home/ilya/projects/SimpleAdminReporter/frontend/node_modules/react-dom/cjs/react-dom-client.development.js:10522:18)
    at runWithFiberInDEV (/home/ilya/projects/SimpleAdminReporter/frontend/node_modules/react-dom/cjs/react-dom-client.development.js:1522:13)
    at performUnitOfWork (/home/ilya/project..." type="TestingLibraryElementError">
TestingLibraryElementError: Unable to find an element with the text: Network Connection Issue. This could be because the text is broken up by multiple elements. In this case, you can provide a function for your text matcher to make your matcher more flexible.

Ignored nodes: comments, script, style
&lt;body&gt;
  &lt;div&gt;
    &lt;div
      data-testid=&quot;test-content&quot;
    &gt;
      Test content
    &lt;/div&gt;
  &lt;/div&gt;
  &lt;div&gt;
    &lt;div
      style=&quot;min-height: 400px; background: rgb(245, 245, 245); display: flex; align-items: center; justify-content: center; padding: 32px; border-radius: 8px;&quot;
    &gt;
      &lt;div
        style=&quot;max-width: 600px; width: 100%; text-align: center; background: rgba(255, 255, 255, 0.9); border-radius: 16px; padding: 32px; border: 1px solid rgb(229, 231, 235); box-shadow: 0 4px 6px rgba(0, 0, 0, 0.1);&quot;
      &gt;
        &lt;svg
          aria-hidden=&quot;true&quot;
          class=&quot;lucide lucide-circle-alert&quot;
          fill=&quot;none&quot;
          height=&quot;48&quot;
          stroke=&quot;currentColor&quot;
          stroke-linecap=&quot;round&quot;
          stroke-linejoin=&quot;round&quot;
          stroke-width=&quot;2&quot;
          style=&quot;color: rgb(239, 68, 68); margin-bottom: 16px;&quot;
          viewBox=&quot;0 0 24 24&quot;
          width=&quot;48&quot;
          xmlns=&quot;http://www.w3.org/2000/svg&quot;
        &gt;
          &lt;circle
            cx=&quot;12&quot;
            cy=&quot;12&quot;
            r=&quot;10&quot;
          /&gt;
          &lt;line
            x1=&quot;12&quot;
            x2=&quot;12&quot;
            y1=&quot;8&quot;
            y2=&quot;12&quot;
          /&gt;
          &lt;line
            x1=&quot;12&quot;
            x2=&quot;12.01&quot;
            y1=&quot;16&quot;
            y2=&quot;16&quot;
          /&gt;
        &lt;/svg&gt;
        &lt;h3
          style=&quot;font-size: 20px; font-weight: bold; margin-bottom: 8px; color: rgb(31, 41, 55);&quot;
        &gt;
          Unexpected Error
        &lt;/h3&gt;
        &lt;p
          style=&quot;font-size: 14px; margin-bottom: 20px; color: rgb(107, 114, 128); line-height: 1.5;&quot;
        &gt;
          An unexpected error occurred while executing your query. Please try again.
        &lt;/p&gt;
        &lt;details
          style=&quot;text-align: left; margin-bottom: 20px; background: rgba(0, 0, 0, 0.05); padding: 12px; border-radius: 6px; font-size: 12px;&quot;
        &gt;
          &lt;summary
            style=&quot;cursor: pointer; margin-bottom: 8px; color: rgb(107, 114, 128); font-size: 12px;&quot;
          &gt;
            &lt;svg
              aria-hidden=&quot;true&quot;
              class=&quot;lucide lucide-bug&quot;
              fill=&quot;none&quot;
              height=&quot;14&quot;
              stroke=&quot;currentColor&quot;
              stroke-linecap=&quot;round&quot;
              stroke-linejoin=&quot;round&quot;
              stroke-width=&quot;2&quot;
              style=&quot;margin-right: 6px; vertical-align: middle;&quot;
              viewBox=&quot;0 0 24 24&quot;
              width=&quot;14&quot;
              xmlns=&quot;http://www.w3.org/2000/svg&quot;
            &gt;
              &lt;path
                d=&quot;m8 2 1.88 1.88&quot;
              /&gt;
              &lt;path
                d=&quot;M14.12 3.88 16 2&quot;
              /&gt;
              &lt;path
                d=&quot;M9 7.13v-1a3.003 3.003 0 1 1 6 0v1&quot;
              /&gt;
              &lt;path
                d=&quot;M12 20c-3.3 0-6-2.7-6-6v-3a4 4 0 0 1 4-4h4a4 4 0 0 1 4 4v3c0 3.3-2.7 6-6 6&quot;
              /&gt;
              &lt;path
                d=&quot;M12 20v-9&quot;
              /&gt;
              &lt;path
                d=&quot;M6.53 9C4.6 8.8 3 7.1 3 5&quot;
              /&gt;
              &lt;path
                d=&quot;M6 13H2&quot;
              /&gt;
              &lt;path
                d=&quot;M3 21c0-2.1 1.7-3.9 3.8-4&quot;
              /&gt;
              &lt;path
                d=&quot;M20.97 5c0 2.1-1.6 3.8-3.5 4&quot;
              /&gt;
              &lt;path
                d=&quot;M22 13h-4&quot;
              /&gt;
              &lt;path
                d=&quot;M17.2 17c2.1.1 3.8 1.9 3.8 4&quot;
              /&gt;
            &lt;/svg&gt;
            Error Details (Development Only)
          &lt;/summary&gt;
          &lt;div
            style=&quot;font-family: monospace; color: rgb(75, 85, 99); word-break: break-word;&quot;
          &gt;
            &lt;strong&gt;
              Type:
            &lt;/strong&gt;
             
            UNKNOWN
            &lt;br /&gt;
            &lt;strong&gt;
              Code:
            &lt;/strong&gt;
             
            Unknown
            &lt;br /&gt;
            &lt;strong&gt;
              Message:
            &lt;/strong&gt;
             
            Test error message
            &lt;br /&gt;
            &lt;strong&gt;
              Stack:
            &lt;/strong&gt;
            &lt;pre
              style=&quot;white-space: pre-wrap; word-break: break-word; margin: 4px 0px 0px 0px; font-size: 10px;&quot;
            &gt;
              AppError: Test error message
    at ThrowErrorComponent (/home/ilya/projects/SimpleAdminReporter/frontend/src/components/query/__tests__/QueryPreviewErrorBoundary.test.tsx:59:19)
    at Object.react_stack_bottom_frame (/home/ilya/projects/SimpleAdminReporter/frontend/node_modules/react-dom/cjs/react-dom-client.development.js:23863:20)
    at renderWithHooks (/home/ilya/projects/SimpleAdminReporter/frontend/node_modules/react-dom/cjs/react-dom-client.development.js:5529:22)
    at updateFunctionComponent (/home/ilya/projects/SimpleAdminReporter/frontend/node_modules/react-dom/cjs/react-dom-client.development.js:8897:19)
    at beginWork (/home/ilya/projects/SimpleAdminReporter/frontend/node_modules/react-dom/cjs/react-dom-client.development.js:10522:18)
    at runWithFiberInDEV (/home/ilya/projects/SimpleAdminReporter/frontend/node_modules/react-dom/cjs/react-dom-client.development.js:1522:13)
    at performUnitOfWork (/home/ilya/project...
 ❯ ThrowErrorComponent src/components/query/__tests__/QueryPreviewErrorBoundary.test.tsx:59:19
 ❯ Object.react_stack_bottom_frame node_modules/react-dom/cjs/react-dom-client.development.js:23863:20
 ❯ renderWithHooks node_modules/react-dom/cjs/react-dom-client.development.js:5529:22
 ❯ updateFunctionComponent node_modules/react-dom/cjs/react-dom-client.development.js:8897:19
 ❯ beginWork node_modules/react-dom/cjs/react-dom-client.development.js:10522:18
 ❯ runWithFiberInDEV node_modules/react-dom/cjs/react-dom-client.development.js:1522:13
 ❯ Object.getElementError node_modules/@testing-library/dom/dist/config.js:37:19
 ❯ node_modules/@testing-library/dom/dist/query-helpers.js:76:38
 ❯ node_modules/@testing-library/dom/dist/query-helpers.js:52:17
 ❯ node_modules/@testing-library/dom/dist/query-helpers.js:95:19
 ❯ src/components/query/__tests__/QueryPreviewErrorBoundary.test.tsx:629:21
            </failure>
            <failure message="Cannot delete property &apos;gtag&apos; of #&lt;Object&gt;" type="TypeError">
TypeError: Cannot delete property &apos;gtag&apos; of #&lt;Object&gt;
 ❯ src/components/query/__tests__/QueryPreviewErrorBoundary.test.tsx:49:3
            </failure>
        </testcase>
        <testcase classname="src/components/query/__tests__/QueryPreviewErrorBoundary.test.tsx" name="QueryPreviewErrorBoundary &gt; Functional Component Wrapper &gt; withQueryPreviewErrorBoundary HOC works correctly" time="0.010793084">
            <failure message="Cannot delete property &apos;gtag&apos; of #&lt;Object&gt;" type="TypeError">
TypeError: Cannot delete property &apos;gtag&apos; of #&lt;Object&gt;
 ❯ src/components/query/__tests__/QueryPreviewErrorBoundary.test.tsx:49:3
            </failure>
        </testcase>
    </testsuite>
</testsuites>
